#
# There is insufficient memory for the Java Runtime Environment to continue.
# Native memory allocation (malloc) failed to allocate 1592288 bytes. Error detail: Chunk::new
# Possible reasons:
#   The system is out of physical RAM or swap space
#   This process is running with CompressedOops enabled, and the Java Heap may be blocking the growth of the native heap
# Possible solutions:
#   Reduce memory load on the system
#   Increase physical memory or swap space
#   Check if swap backing store is full
#   Decrease Java heap size (-Xmx/-Xms)
#   Decrease number of Java threads
#   Decrease Java thread stack sizes (-Xss)
#   Set larger code cache with -XX:ReservedCodeCacheSize=
#   JVM is running with Unscaled Compressed Oops mode in which the Java heap is
#     placed in the first 4GB address space. The Java Heap base address is the
#     maximum limit for the native heap growth. Please use -XX:HeapBaseMinAddress
#     to set the Java Heap base and to place the Java Heap above 4GB virtual address.
# This output file may be truncated or incomplete.
#
#  Out of Memory Error (arena.cpp:168), pid=8520, tid=31536
#
# JRE version: OpenJDK Runtime Environment Temurin-21.0.9+10 (21.0.9+10) (build 21.0.9+10-LTS)
# Java VM: OpenJDK 64-Bit Server VM Temurin-21.0.9+10 (21.0.9+10-LTS, mixed mode, sharing, tiered, compressed oops, compressed class ptrs, parallel gc, windows-amd64)
# No core dump will be written. Minidumps are not enabled by default on client versions of Windows
#

---------------  S U M M A R Y ------------

Command Line: --add-modules=ALL-SYSTEM --add-opens=java.base/java.util=ALL-UNNAMED --add-opens=java.base/java.lang=ALL-UNNAMED --add-opens=java.base/sun.nio.fs=ALL-UNNAMED -Declipse.application=org.eclipse.jdt.ls.core.id1 -Dosgi.bundles.defaultStartLevel=4 -Declipse.product=org.eclipse.jdt.ls.core.product -Djava.import.generatesMetadataFilesAtProjectRoot=false -DDetectVMInstallationsJob.disabled=true -Dfile.encoding=utf8 -XX:+UseParallelGC -XX:GCTimeRatio=4 -XX:AdaptiveSizePolicyWeight=90 -Dsun.zip.disableMemoryMapping=true -Xmx2G -Xms100m -Xlog:disable -javaagent:c:\Users\claud\.trae\extensions\redhat.java-1.49.0-win32-x64\lombok\lombok-1.18.39-4050.jar -XX:+HeapDumpOnOutOfMemoryError -XX:HeapDumpPath=c:\Users\claud\AppData\Roaming\Trae\User\workspaceStorage\c4a64f282fad8922d1719e4f960283e6\redhat.java -Daether.dependencyCollector.impl=bf c:\Users\claud\.trae\extensions\redhat.java-1.49.0-win32-x64\server\plugins\org.eclipse.equinox.launcher_1.7.100.v20251111-0406.jar -configuration c:\Users\claud\AppData\Roaming\Trae\User\globalStorage\redhat.java\1.49.0\config_win -data c:\Users\claud\AppData\Roaming\Trae\User\workspaceStorage\c4a64f282fad8922d1719e4f960283e6\redhat.java\jdt_ws --pipe=\\.\pipe\lsp-6ece0c405b27f166a9be2c0d80e99eed-sock

Host: AMD Ryzen 5 7520U with Radeon Graphics         , 8 cores, 7G,  Windows 11 , 64 bit Build 26100 (10.0.26100.7019)
Time: Sun Nov 23 20:42:01 2025 Hora oficial do Brasil elapsed time: 6032.462039 seconds (0d 1h 40m 32s)

---------------  T H R E A D  ---------------

Current thread (0x0000026374fecd00):  JavaThread "C2 CompilerThread0" daemon [_thread_in_native, id=31536, stack(0x000000bd70100000,0x000000bd70200000) (1024K)]


Current CompileTask:
C2:6032462 13371       4       org.eclipse.jdt.internal.compiler.lookup.LookupEnvironment::getTypeFromTypeSignature (770 bytes)

Stack: [0x000000bd70100000,0x000000bd70200000]
Native frames: (J=compiled Java code, j=interpreted, Vv=VM code, C=native code)
V  [jvm.dll+0x6d6e29]
V  [jvm.dll+0x8b4b76]
V  [jvm.dll+0x8b712e]
V  [jvm.dll+0x8b7813]
V  [jvm.dll+0x283d86]
V  [jvm.dll+0xc66ed]
V  [jvm.dll+0xc6c31]
V  [jvm.dll+0x3be53b]
V  [jvm.dll+0x1e3d59]
V  [jvm.dll+0x24c0f3]
V  [jvm.dll+0x24b580]
V  [jvm.dll+0x1cb13e]
V  [jvm.dll+0x25b29d]
V  [jvm.dll+0x25982a]
V  [jvm.dll+0x3f7ea6]
V  [jvm.dll+0x85e9ad]
V  [jvm.dll+0x6d565d]
C  [ucrtbase.dll+0x37b0]
C  [KERNEL32.DLL+0x2e8d7]
C  [ntdll.dll+0x8c53c]


---------------  P R O C E S S  ---------------

Threads class SMR info:
_java_thread_list=0x000002637ef09530, length=39, elements={
0x000002635c60f160, 0x0000026374fdd6e0, 0x0000026374fe2f70, 0x0000026374fe5ac0,
0x0000026374fe6710, 0x0000026374fe7360, 0x0000026374fe9ec0, 0x0000026374fecd00,
0x0000026375017150, 0x0000026376c04f90, 0x0000026376cb4c80, 0x000002637b46f3d0,
0x000002637b7e2c00, 0x000002637b98c580, 0x000002637b98d3c0, 0x000002637ba375a0,
0x00000263769cd340, 0x000002637b0ee7e0, 0x000002637be37d70, 0x000002637bdf7740,
0x000002637d835f70, 0x000002637d834bc0, 0x000002637d834530, 0x000002637d833810,
0x000002637d836600, 0x000002637d8358e0, 0x000002637d833180, 0x000002637d836c90,
0x000002637d837320, 0x000002637d835250, 0x000002637d833ea0, 0x000002637d839a80,
0x000002637c2b98a0, 0x000002637c2bac50, 0x000002637c2b7e60, 0x000002637c2b6ab0,
0x000002637c2b9210, 0x000002637c2b6420, 0x000002637c2bc690
}

Java Threads: ( => current thread )
  0x000002635c60f160 JavaThread "main"                              [_thread_blocked, id=30004, stack(0x000000bd6f700000,0x000000bd6f800000) (1024K)]
  0x0000026374fdd6e0 JavaThread "Reference Handler"          daemon [_thread_blocked, id=31044, stack(0x000000bd6fb00000,0x000000bd6fc00000) (1024K)]
  0x0000026374fe2f70 JavaThread "Finalizer"                  daemon [_thread_blocked, id=40740, stack(0x000000bd6fc00000,0x000000bd6fd00000) (1024K)]
  0x0000026374fe5ac0 JavaThread "Signal Dispatcher"          daemon [_thread_blocked, id=15780, stack(0x000000bd6fd00000,0x000000bd6fe00000) (1024K)]
  0x0000026374fe6710 JavaThread "Attach Listener"            daemon [_thread_blocked, id=9796, stack(0x000000bd6fe00000,0x000000bd6ff00000) (1024K)]
  0x0000026374fe7360 JavaThread "Service Thread"             daemon [_thread_blocked, id=16344, stack(0x000000bd6ff00000,0x000000bd70000000) (1024K)]
  0x0000026374fe9ec0 JavaThread "Monitor Deflation Thread"   daemon [_thread_blocked, id=39332, stack(0x000000bd70000000,0x000000bd70100000) (1024K)]
=>0x0000026374fecd00 JavaThread "C2 CompilerThread0"         daemon [_thread_in_native, id=31536, stack(0x000000bd70100000,0x000000bd70200000) (1024K)]
  0x0000026375017150 JavaThread "C1 CompilerThread0"         daemon [_thread_blocked, id=35968, stack(0x000000bd70200000,0x000000bd70300000) (1024K)]
  0x0000026376c04f90 JavaThread "Common-Cleaner"             daemon [_thread_blocked, id=40288, stack(0x000000bd70300000,0x000000bd70400000) (1024K)]
  0x0000026376cb4c80 JavaThread "Notification Thread"        daemon [_thread_blocked, id=13236, stack(0x000000bd70400000,0x000000bd70500000) (1024K)]
  0x000002637b46f3d0 JavaThread "Active Thread: Equinox Container: 1275ddf8-76d5-4ca9-882f-af6cee1f6605"        [_thread_blocked, id=37456, stack(0x000000bd70b00000,0x000000bd70c00000) (1024K)]
  0x000002637b7e2c00 JavaThread "Refresh Thread: Equinox Container: 1275ddf8-76d5-4ca9-882f-af6cee1f6605" daemon [_thread_blocked, id=29988, stack(0x000000bd70d00000,0x000000bd70e00000) (1024K)]
  0x000002637b98c580 JavaThread "Framework Event Dispatcher: Equinox Container: 1275ddf8-76d5-4ca9-882f-af6cee1f6605" daemon [_thread_blocked, id=38580, stack(0x000000bd70f00000,0x000000bd71000000) (1024K)]
  0x000002637b98d3c0 JavaThread "Start Level: Equinox Container: 1275ddf8-76d5-4ca9-882f-af6cee1f6605" daemon [_thread_blocked, id=404, stack(0x000000bd71000000,0x000000bd71100000) (1024K)]
  0x000002637ba375a0 JavaThread "Bundle File Closer"         daemon [_thread_blocked, id=34452, stack(0x000000bd71100000,0x000000bd71200000) (1024K)]
  0x00000263769cd340 JavaThread "SCR Component Actor"        daemon [_thread_blocked, id=18272, stack(0x000000bd70c00000,0x000000bd70d00000) (1024K)]
  0x000002637b0ee7e0 JavaThread "Worker-JM"                         [_thread_blocked, id=10680, stack(0x000000bd71200000,0x000000bd71300000) (1024K)]
  0x000002637be37d70 JavaThread "JNA Cleaner"                daemon [_thread_blocked, id=20196, stack(0x000000bd71300000,0x000000bd71400000) (1024K)]
  0x000002637bdf7740 JavaThread "Java indexing"              daemon [_thread_blocked, id=31992, stack(0x000000bd71700000,0x000000bd71800000) (1024K)]
  0x000002637d835f70 JavaThread "Thread-1"                   daemon [_thread_in_native, id=1800, stack(0x000000bd71d00000,0x000000bd71e00000) (1024K)]
  0x000002637d834bc0 JavaThread "Thread-2"                   daemon [_thread_in_native, id=37756, stack(0x000000bd71e00000,0x000000bd71f00000) (1024K)]
  0x000002637d834530 JavaThread "Thread-3"                   daemon [_thread_in_native, id=20776, stack(0x000000bd71f00000,0x000000bd72000000) (1024K)]
  0x000002637d833810 JavaThread "Thread-4"                   daemon [_thread_in_native, id=15200, stack(0x000000bd72000000,0x000000bd72100000) (1024K)]
  0x000002637d836600 JavaThread "Thread-5"                   daemon [_thread_in_native, id=38320, stack(0x000000bd72100000,0x000000bd72200000) (1024K)]
  0x000002637d8358e0 JavaThread "Thread-6"                   daemon [_thread_in_native, id=28476, stack(0x000000bd72200000,0x000000bd72300000) (1024K)]
  0x000002637d833180 JavaThread "Thread-7"                   daemon [_thread_in_native, id=28440, stack(0x000000bd72300000,0x000000bd72400000) (1024K)]
  0x000002637d836c90 JavaThread "Thread-8"                   daemon [_thread_in_native, id=19288, stack(0x000000bd72400000,0x000000bd72500000) (1024K)]
  0x000002637d837320 JavaThread "Thread-9"                   daemon [_thread_in_native, id=19404, stack(0x000000bd72500000,0x000000bd72600000) (1024K)]
  0x000002637d835250 JavaThread "pool-2-thread-1"                   [_thread_blocked, id=35552, stack(0x000000bd72600000,0x000000bd72700000) (1024K)]
  0x000002637d833ea0 JavaThread "WorkspaceEventsHandler"            [_thread_blocked, id=17960, stack(0x000000bd72700000,0x000000bd72800000) (1024K)]
  0x000002637d839a80 JavaThread "pool-1-thread-1"                   [_thread_blocked, id=33380, stack(0x000000bd72800000,0x000000bd72900000) (1024K)]
  0x000002637c2b98a0 JavaThread "Worker-12"                         [_thread_blocked, id=34092, stack(0x000000bd6f600000,0x000000bd6f700000) (1024K)]
  0x000002637c2bac50 JavaThread "Worker-13"                         [_thread_blocked, id=14916, stack(0x000000bd71600000,0x000000bd71700000) (1024K)]
  0x000002637c2b7e60 JavaThread "ForkJoinPool.commonPool-worker-10" daemon [_thread_blocked, id=11472, stack(0x000000bd6f400000,0x000000bd6f500000) (1024K)]
  0x000002637c2b6ab0 JavaThread "Worker-15"                         [_thread_blocked, id=3916, stack(0x000000bd6f500000,0x000000bd6f600000) (1024K)]
  0x000002637c2b9210 JavaThread "Worker-16"                         [_thread_blocked, id=10636, stack(0x000000bd71400000,0x000000bd71500000) (1024K)]
  0x000002637c2b6420 JavaThread "Worker-17"                         [_thread_blocked, id=36860, stack(0x000000bd71500000,0x000000bd71600000) (1024K)]
  0x000002637c2bc690 JavaThread "Worker-18"                         [_thread_blocked, id=33532, stack(0x000000bd71800000,0x000000bd71900000) (1024K)]
Total: 39

Other Threads:
  0x000002635c6ce9e0 VMThread "VM Thread"                           [id=25964, stack(0x000000bd6fa00000,0x000000bd6fb00000) (1024K)]
  0x0000026374efca00 WatcherThread "VM Periodic Task Thread"        [id=21148, stack(0x000000bd6f900000,0x000000bd6fa00000) (1024K)]
  0x000002635c62e5e0 WorkerThread "GC Thread#0"                     [id=27352, stack(0x000000bd6f800000,0x000000bd6f900000) (1024K)]
  0x000002637b2306d0 WorkerThread "GC Thread#1"                     [id=2480, stack(0x000000bd70500000,0x000000bd70600000) (1024K)]
  0x000002637b3b9e60 WorkerThread "GC Thread#2"                     [id=23476, stack(0x000000bd70600000,0x000000bd70700000) (1024K)]
  0x000002637b3ba200 WorkerThread "GC Thread#3"                     [id=30872, stack(0x000000bd70700000,0x000000bd70800000) (1024K)]
  0x000002637b3ba5a0 WorkerThread "GC Thread#4"                     [id=40664, stack(0x000000bd70800000,0x000000bd70900000) (1024K)]
  0x000002637b3ba940 WorkerThread "GC Thread#5"                     [id=24312, stack(0x000000bd70900000,0x000000bd70a00000) (1024K)]
  0x0000026376cddcb0 WorkerThread "GC Thread#6"                     [id=36648, stack(0x000000bd70a00000,0x000000bd70b00000) (1024K)]
  0x000002637b6e7180 WorkerThread "GC Thread#7"                     [id=30208, stack(0x000000bd70e00000,0x000000bd70f00000) (1024K)]
Total: 10

Threads with active compile tasks:
C2 CompilerThread0  6032518 13371       4       org.eclipse.jdt.internal.compiler.lookup.LookupEnvironment::getTypeFromTypeSignature (770 bytes)
Total: 1

VM state: not at safepoint (normal execution)

VM Mutex/Monitor currently owned by a thread: None

Heap address: 0x0000000080000000, size: 2048 MB, Compressed Oops mode: 32-bit

CDS archive(s) mapped at: [0x0000026300000000-0x0000026300ba0000-0x0000026300ba0000), size 12189696, SharedBaseAddress: 0x0000026300000000, ArchiveRelocationMode: 1.
Compressed class space mapped at: 0x0000026301000000-0x0000026341000000, reserved size: 1073741824
Narrow klass base: 0x0000026300000000, Narrow klass shift: 0, Narrow klass range: 0x100000000

GC Precious Log:
 CardTable entry size: 512
 CPUs: 8 total, 8 available
 Memory: 7413M
 Large Page Support: Disabled
 NUMA Support: Disabled
 Compressed Oops: Enabled (32-bit)
 Alignments: Space 512K, Generation 512K, Heap 2M
 Heap Min Capacity: 100M
 Heap Initial Capacity: 100M
 Heap Max Capacity: 2G
 Pre-touch: Disabled
 Parallel Workers: 8

Heap:
 PSYoungGen      total 1536K, used 676K [0x00000000d5580000, 0x00000000d5880000, 0x0000000100000000)
  eden space 1024K, 18% used [0x00000000d5580000,0x00000000d55aeab8,0x00000000d5680000)
  from space 512K, 95% used [0x00000000d5780000,0x00000000d57fa640,0x00000000d5800000)
  to   space 1024K, 0% used [0x00000000d5680000,0x00000000d5680000,0x00000000d5780000)
 ParOldGen       total 258560K, used 258363K [0x0000000080000000, 0x000000008fc80000, 0x00000000d5580000)
  object space 258560K, 99% used [0x0000000080000000,0x000000008fc4ecb0,0x000000008fc80000)
 Metaspace       used 67744K, committed 69376K, reserved 1114112K
  class space    used 7066K, committed 7744K, reserved 1048576K

Card table byte_map: [0x0000026370360000,0x0000026370770000] _byte_map_base: 0x000002636ff60000

Marking Bits: (ParMarkBitMap*) 0x00007ffb1a372460
 Begin Bits: [0x0000026370a20000, 0x0000026372a20000)
 End Bits:   [0x0000026372a20000, 0x0000026374a20000)

Polling page: 0x000002635c6d0000

Metaspace:

Usage:
  Non-class:     59.26 MB used.
      Class:      6.90 MB used.
       Both:     66.16 MB used.

Virtual space:
  Non-class space:       64.00 MB reserved,      60.19 MB ( 94%) committed,  1 nodes.
      Class space:        1.00 GB reserved,       7.56 MB ( <1%) committed,  1 nodes.
             Both:        1.06 GB reserved,      67.75 MB (  6%) committed. 

Chunk freelists:
   Non-Class:  3.70 MB
       Class:  8.34 MB
        Both:  12.04 MB

MaxMetaspaceSize: unlimited
CompressedClassSpaceSize: 1.00 GB
Initial GC threshold: 21.00 MB
Current GC threshold: 97.31 MB
CDS: on
 - commit_granule_bytes: 65536.
 - commit_granule_words: 8192.
 - virtual_space_node_default_size: 8388608.
 - enlarge_chunks_in_place: 1.
 - use_allocation_guard: 0.


Internal statistics:

num_allocs_failed_limit: 9.
num_arena_births: 1398.
num_arena_deaths: 14.
num_vsnodes_births: 2.
num_vsnodes_deaths: 0.
num_space_committed: 1084.
num_space_uncommitted: 0.
num_chunks_returned_to_freelist: 23.
num_chunks_taken_from_freelist: 4745.
num_chunk_merges: 8.
num_chunk_splits: 2854.
num_chunks_enlarged: 1530.
num_inconsistent_stats: 0.

CodeHeap 'non-profiled nmethods': size=120000Kb used=9683Kb max_used=9683Kb free=110316Kb
 bounds [0x0000026368c50000, 0x00000263695d0000, 0x0000026370180000]
CodeHeap 'profiled nmethods': size=120000Kb used=28882Kb max_used=28882Kb free=91117Kb
 bounds [0x0000026361180000, 0x0000026362dc0000, 0x00000263686b0000]
CodeHeap 'non-nmethods': size=5760Kb used=1447Kb max_used=1520Kb free=4312Kb
 bounds [0x00000263686b0000, 0x0000026368920000, 0x0000026368c50000]
CodeCache: size=245760Kb, used=40012Kb, max_used=40085Kb, free=205745Kb
 total_blobs=13341, nmethods=12583, adapters=663, full_count=0
Compilation: enabled, stopped_count=0, restarted_count=0

Compilation events (20 events):
Event: 6031.148 Thread 0x0000026375017150 13389       3       org.eclipse.jdt.internal.compiler.lookup.InferenceContext18::isSameSite (51 bytes)
Event: 6031.149 Thread 0x0000026375017150 nmethod 13389 0x0000026362dad990 code [0x0000026362dadba0, 0x0000026362dae140]
Event: 6031.149 Thread 0x0000026375017150 13390       3       org.eclipse.jdt.internal.compiler.lookup.TypeVariableBinding::resolve (319 bytes)
Event: 6031.150 Thread 0x0000026375017150 nmethod 13390 0x0000026362dae290 code [0x0000026362dae500, 0x0000026362daf210]
Event: 6031.223 Thread 0x0000026375017150 13391       3       org.eclipse.jdt.internal.compiler.lookup.BoundSet::isInstantiated (32 bytes)
Event: 6031.294 Thread 0x0000026375017150 nmethod 13391 0x0000026362daf590 code [0x0000026362daf760, 0x0000026362dafb20]
Event: 6031.296 Thread 0x0000026375017150 13392       3       lombok.eclipse.EclipseASTAdapter::<init> (18 bytes)
Event: 6031.297 Thread 0x0000026375017150 nmethod 13392 0x0000026362dafc90 code [0x0000026362dafe60, 0x0000026362db01f0]
Event: 6031.299 Thread 0x0000026375017150 13393       3       org.eclipse.jdt.internal.compiler.lookup.TypeBindingVisitor::visit (422 bytes)
Event: 6031.342 Thread 0x0000026375017150 nmethod 13393 0x0000026362db0390 code [0x0000026362db07c0, 0x0000026362db2820]
Event: 6031.342 Thread 0x0000026375017150 13397       3       org.eclipse.jdt.internal.compiler.lookup.Scope::enclosingClassScope (28 bytes)
Event: 6031.343 Thread 0x0000026375017150 nmethod 13397 0x0000026362db2f90 code [0x0000026362db3160, 0x0000026362db3570]
Event: 6031.343 Thread 0x0000026375017150 13398       3       org.eclipse.jdt.internal.compiler.lookup.Scope::enclosingReceiverType (38 bytes)
Event: 6031.343 Thread 0x0000026375017150 nmethod 13398 0x0000026362db3690 code [0x0000026362db3880, 0x0000026362db3d48]
Event: 6031.344 Thread 0x0000026375017150 13394       3       org.eclipse.jdt.internal.compiler.lookup.ConstraintFormula::<init> (5 bytes)
Event: 6031.345 Thread 0x0000026375017150 nmethod 13394 0x0000026362db3f10 code [0x0000026362db40c0, 0x0000026362db4288]
Event: 6031.345 Thread 0x0000026375017150 13395       3       java.util.LinkedHashMap$LinkedHashIterator::remove (75 bytes)
Event: 6031.346 Thread 0x0000026375017150 nmethod 13395 0x0000026362db4390 code [0x0000026362db4580, 0x0000026362db4950]
Event: 6031.346 Thread 0x0000026375017150 13396       1       org.eclipse.jdt.internal.compiler.lookup.TypeBinding::getIntersectingTypes (2 bytes)
Event: 6031.346 Thread 0x0000026375017150 nmethod 13396 0x00000263695c4c10 code [0x00000263695c4da0, 0x00000263695c4e70]

GC Heap History (20 events):
Event: 6028.486 GC heap before
{Heap before GC invocations=174 (full 3):
 PSYoungGen      total 2048K, used 1454K [0x00000000d5580000, 0x00000000d5880000, 0x0000000100000000)
  eden space 1024K, 100% used [0x00000000d5580000,0x00000000d5680000,0x00000000d5680000)
  from space 1024K, 42% used [0x00000000d5780000,0x00000000d57ebae0,0x00000000d5880000)
  to   space 1024K, 0% used [0x00000000d5680000,0x00000000d5680000,0x00000000d5780000)
 ParOldGen       total 254976K, used 254840K [0x0000000080000000, 0x000000008f900000, 0x00000000d5580000)
  object space 254976K, 99% used [0x0000000080000000,0x000000008f8de2d8,0x000000008f900000)
 Metaspace       used 67646K, committed 69312K, reserved 1114112K
  class space    used 7066K, committed 7744K, reserved 1048576K
}
Event: 6028.492 GC heap after
{Heap after GC invocations=174 (full 3):
 PSYoungGen      total 2048K, used 492K [0x00000000d5580000, 0x00000000d5800000, 0x0000000100000000)
  eden space 1024K, 0% used [0x00000000d5580000,0x00000000d5580000,0x00000000d5680000)
  from space 1024K, 48% used [0x00000000d5680000,0x00000000d56fb150,0x00000000d5780000)
  to   space 512K, 0% used [0x00000000d5780000,0x00000000d5780000,0x00000000d5800000)
 ParOldGen       total 255488K, used 255092K [0x0000000080000000, 0x000000008f980000, 0x00000000d5580000)
  object space 255488K, 99% used [0x0000000080000000,0x000000008f91d0f0,0x000000008f980000)
 Metaspace       used 67646K, committed 69312K, reserved 1114112K
  class space    used 7066K, committed 7744K, reserved 1048576K
}
Event: 6028.620 GC heap before
{Heap before GC invocations=175 (full 3):
 PSYoungGen      total 2048K, used 1515K [0x00000000d5580000, 0x00000000d5800000, 0x0000000100000000)
  eden space 1024K, 99% used [0x00000000d5580000,0x00000000d567fda0,0x00000000d5680000)
  from space 1024K, 48% used [0x00000000d5680000,0x00000000d56fb150,0x00000000d5780000)
  to   space 512K, 0% used [0x00000000d5780000,0x00000000d5780000,0x00000000d5800000)
 ParOldGen       total 255488K, used 255092K [0x0000000080000000, 0x000000008f980000, 0x00000000d5580000)
  object space 255488K, 99% used [0x0000000080000000,0x000000008f91d0f0,0x000000008f980000)
 Metaspace       used 67646K, committed 69312K, reserved 1114112K
  class space    used 7066K, committed 7744K, reserved 1048576K
}
Event: 6028.623 GC heap after
{Heap after GC invocations=175 (full 3):
 PSYoungGen      total 1536K, used 502K [0x00000000d5580000, 0x00000000d5880000, 0x0000000100000000)
  eden space 1024K, 0% used [0x00000000d5580000,0x00000000d5580000,0x00000000d5680000)
  from space 512K, 98% used [0x00000000d5780000,0x00000000d57fd988,0x00000000d5800000)
  to   space 1024K, 0% used [0x00000000d5680000,0x00000000d5680000,0x00000000d5780000)
 ParOldGen       total 255488K, used 255473K [0x0000000080000000, 0x000000008f980000, 0x00000000d5580000)
  object space 255488K, 99% used [0x0000000080000000,0x000000008f97c7c8,0x000000008f980000)
 Metaspace       used 67646K, committed 69312K, reserved 1114112K
  class space    used 7066K, committed 7744K, reserved 1048576K
}
Event: 6028.948 GC heap before
{Heap before GC invocations=176 (full 3):
 PSYoungGen      total 1536K, used 1526K [0x00000000d5580000, 0x00000000d5880000, 0x0000000100000000)
  eden space 1024K, 100% used [0x00000000d5580000,0x00000000d5680000,0x00000000d5680000)
  from space 512K, 98% used [0x00000000d5780000,0x00000000d57fd988,0x00000000d5800000)
  to   space 1024K, 0% used [0x00000000d5680000,0x00000000d5680000,0x00000000d5780000)
 ParOldGen       total 255488K, used 255473K [0x0000000080000000, 0x000000008f980000, 0x00000000d5580000)
  object space 255488K, 99% used [0x0000000080000000,0x000000008f97c7c8,0x000000008f980000)
 Metaspace       used 67648K, committed 69312K, reserved 1114112K
  class space    used 7066K, committed 7744K, reserved 1048576K
}
Event: 6028.950 GC heap after
{Heap after GC invocations=176 (full 3):
 PSYoungGen      total 2048K, used 693K [0x00000000d5580000, 0x00000000d5880000, 0x0000000100000000)
  eden space 1024K, 0% used [0x00000000d5580000,0x00000000d5580000,0x00000000d5680000)
  from space 1024K, 67% used [0x00000000d5680000,0x00000000d572d650,0x00000000d5780000)
  to   space 1024K, 0% used [0x00000000d5780000,0x00000000d5780000,0x00000000d5880000)
 ParOldGen       total 256000K, used 255960K [0x0000000080000000, 0x000000008fa00000, 0x00000000d5580000)
  object space 256000K, 99% used [0x0000000080000000,0x000000008f9f6138,0x000000008fa00000)
 Metaspace       used 67648K, committed 69312K, reserved 1114112K
  class space    used 7066K, committed 7744K, reserved 1048576K
}
Event: 6029.109 GC heap before
{Heap before GC invocations=177 (full 3):
 PSYoungGen      total 2048K, used 1717K [0x00000000d5580000, 0x00000000d5880000, 0x0000000100000000)
  eden space 1024K, 100% used [0x00000000d5580000,0x00000000d5680000,0x00000000d5680000)
  from space 1024K, 67% used [0x00000000d5680000,0x00000000d572d650,0x00000000d5780000)
  to   space 1024K, 0% used [0x00000000d5780000,0x00000000d5780000,0x00000000d5880000)
 ParOldGen       total 256000K, used 255960K [0x0000000080000000, 0x000000008fa00000, 0x00000000d5580000)
  object space 256000K, 99% used [0x0000000080000000,0x000000008f9f6138,0x000000008fa00000)
 Metaspace       used 67648K, committed 69312K, reserved 1114112K
  class space    used 7066K, committed 7744K, reserved 1048576K
}
Event: 6029.113 GC heap after
{Heap after GC invocations=177 (full 3):
 PSYoungGen      total 1536K, used 335K [0x00000000d5580000, 0x00000000d5800000, 0x0000000100000000)
  eden space 1024K, 0% used [0x00000000d5580000,0x00000000d5580000,0x00000000d5680000)
  from space 512K, 65% used [0x00000000d5780000,0x00000000d57d3cc8,0x00000000d5800000)
  to   space 512K, 0% used [0x00000000d5700000,0x00000000d5700000,0x00000000d5780000)
 ParOldGen       total 256512K, used 256491K [0x0000000080000000, 0x000000008fa80000, 0x00000000d5580000)
  object space 256512K, 99% used [0x0000000080000000,0x000000008fa7ac88,0x000000008fa80000)
 Metaspace       used 67648K, committed 69312K, reserved 1114112K
  class space    used 7066K, committed 7744K, reserved 1048576K
}
Event: 6029.341 GC heap before
{Heap before GC invocations=178 (full 3):
 PSYoungGen      total 1536K, used 1359K [0x00000000d5580000, 0x00000000d5800000, 0x0000000100000000)
  eden space 1024K, 99% used [0x00000000d5580000,0x00000000d567ffe8,0x00000000d5680000)
  from space 512K, 65% used [0x00000000d5780000,0x00000000d57d3cc8,0x00000000d5800000)
  to   space 512K, 0% used [0x00000000d5700000,0x00000000d5700000,0x00000000d5780000)
 ParOldGen       total 256512K, used 256491K [0x0000000080000000, 0x000000008fa80000, 0x00000000d5580000)
  object space 256512K, 99% used [0x0000000080000000,0x000000008fa7ac88,0x000000008fa80000)
 Metaspace       used 67648K, committed 69312K, reserved 1114112K
  class space    used 7066K, committed 7744K, reserved 1048576K
}
Event: 6029.346 GC heap after
{Heap after GC invocations=178 (full 3):
 PSYoungGen      total 1536K, used 224K [0x00000000d5580000, 0x00000000d5800000, 0x0000000100000000)
  eden space 1024K, 0% used [0x00000000d5580000,0x00000000d5580000,0x00000000d5680000)
  from space 512K, 43% used [0x00000000d5700000,0x00000000d5738000,0x00000000d5780000)
  to   space 512K, 0% used [0x00000000d5780000,0x00000000d5780000,0x00000000d5800000)
 ParOldGen       total 257024K, used 256682K [0x0000000080000000, 0x000000008fb00000, 0x00000000d5580000)
  object space 257024K, 99% used [0x0000000080000000,0x000000008faaab58,0x000000008fb00000)
 Metaspace       used 67648K, committed 69312K, reserved 1114112K
  class space    used 7066K, committed 7744K, reserved 1048576K
}
Event: 6029.428 GC heap before
{Heap before GC invocations=179 (full 3):
 PSYoungGen      total 1536K, used 1245K [0x00000000d5580000, 0x00000000d5800000, 0x0000000100000000)
  eden space 1024K, 99% used [0x00000000d5580000,0x00000000d567f468,0x00000000d5680000)
  from space 512K, 43% used [0x00000000d5700000,0x00000000d5738000,0x00000000d5780000)
  to   space 512K, 0% used [0x00000000d5780000,0x00000000d5780000,0x00000000d5800000)
 ParOldGen       total 257024K, used 256682K [0x0000000080000000, 0x000000008fb00000, 0x00000000d5580000)
  object space 257024K, 99% used [0x0000000080000000,0x000000008faaab58,0x000000008fb00000)
 Metaspace       used 67691K, committed 69312K, reserved 1114112K
  class space    used 7066K, committed 7744K, reserved 1048576K
}
Event: 6029.429 GC heap after
{Heap after GC invocations=179 (full 3):
 PSYoungGen      total 1536K, used 492K [0x00000000d5580000, 0x00000000d5880000, 0x0000000100000000)
  eden space 1024K, 0% used [0x00000000d5580000,0x00000000d5580000,0x00000000d5680000)
  from space 512K, 96% used [0x00000000d5780000,0x00000000d57fb3f8,0x00000000d5800000)
  to   space 1024K, 0% used [0x00000000d5680000,0x00000000d5680000,0x00000000d5780000)
 ParOldGen       total 257024K, used 256813K [0x0000000080000000, 0x000000008fb00000, 0x00000000d5580000)
  object space 257024K, 99% used [0x0000000080000000,0x000000008facb5f8,0x000000008fb00000)
 Metaspace       used 67691K, committed 69312K, reserved 1114112K
  class space    used 7066K, committed 7744K, reserved 1048576K
}
Event: 6029.880 GC heap before
{Heap before GC invocations=180 (full 3):
 PSYoungGen      total 1536K, used 1516K [0x00000000d5580000, 0x00000000d5880000, 0x0000000100000000)
  eden space 1024K, 100% used [0x00000000d5580000,0x00000000d5680000,0x00000000d5680000)
  from space 512K, 96% used [0x00000000d5780000,0x00000000d57fb3f8,0x00000000d5800000)
  to   space 1024K, 0% used [0x00000000d5680000,0x00000000d5680000,0x00000000d5780000)
 ParOldGen       total 257024K, used 256813K [0x0000000080000000, 0x000000008fb00000, 0x00000000d5580000)
  object space 257024K, 99% used [0x0000000080000000,0x000000008facb5f8,0x000000008fb00000)
 Metaspace       used 67693K, committed 69312K, reserved 1114112K
  class space    used 7066K, committed 7744K, reserved 1048576K
}
Event: 6029.884 GC heap after
{Heap after GC invocations=180 (full 3):
 PSYoungGen      total 2048K, used 786K [0x00000000d5580000, 0x00000000d5880000, 0x0000000100000000)
  eden space 1024K, 0% used [0x00000000d5580000,0x00000000d5580000,0x00000000d5680000)
  from space 1024K, 76% used [0x00000000d5680000,0x00000000d5744810,0x00000000d5780000)
  to   space 1024K, 0% used [0x00000000d5780000,0x00000000d5780000,0x00000000d5880000)
 ParOldGen       total 257536K, used 257284K [0x0000000080000000, 0x000000008fb80000, 0x00000000d5580000)
  object space 257536K, 99% used [0x0000000080000000,0x000000008fb41068,0x000000008fb80000)
 Metaspace       used 67693K, committed 69312K, reserved 1114112K
  class space    used 7066K, committed 7744K, reserved 1048576K
}
Event: 6030.325 GC heap before
{Heap before GC invocations=181 (full 3):
 PSYoungGen      total 2048K, used 1807K [0x00000000d5580000, 0x00000000d5880000, 0x0000000100000000)
  eden space 1024K, 99% used [0x00000000d5580000,0x00000000d567f660,0x00000000d5680000)
  from space 1024K, 76% used [0x00000000d5680000,0x00000000d5744810,0x00000000d5780000)
  to   space 1024K, 0% used [0x00000000d5780000,0x00000000d5780000,0x00000000d5880000)
 ParOldGen       total 257536K, used 257284K [0x0000000080000000, 0x000000008fb80000, 0x00000000d5580000)
  object space 257536K, 99% used [0x0000000080000000,0x000000008fb41068,0x000000008fb80000)
 Metaspace       used 67712K, committed 69376K, reserved 1114112K
  class space    used 7066K, committed 7744K, reserved 1048576K
}
Event: 6030.327 GC heap after
{Heap after GC invocations=181 (full 3):
 PSYoungGen      total 2048K, used 431K [0x00000000d5580000, 0x00000000d5880000, 0x0000000100000000)
  eden space 1024K, 0% used [0x00000000d5580000,0x00000000d5580000,0x00000000d5680000)
  from space 1024K, 42% used [0x00000000d5780000,0x00000000d57ebe98,0x00000000d5880000)
  to   space 1024K, 0% used [0x00000000d5680000,0x00000000d5680000,0x00000000d5780000)
 ParOldGen       total 258048K, used 257923K [0x0000000080000000, 0x000000008fc00000, 0x00000000d5580000)
  object space 258048K, 99% used [0x0000000080000000,0x000000008fbe0e18,0x000000008fc00000)
 Metaspace       used 67712K, committed 69376K, reserved 1114112K
  class space    used 7066K, committed 7744K, reserved 1048576K
}
Event: 6030.732 GC heap before
{Heap before GC invocations=182 (full 3):
 PSYoungGen      total 2048K, used 1448K [0x00000000d5580000, 0x00000000d5880000, 0x0000000100000000)
  eden space 1024K, 99% used [0x00000000d5580000,0x00000000d567e3d8,0x00000000d5680000)
  from space 1024K, 42% used [0x00000000d5780000,0x00000000d57ebe98,0x00000000d5880000)
  to   space 1024K, 0% used [0x00000000d5680000,0x00000000d5680000,0x00000000d5780000)
 ParOldGen       total 258048K, used 257923K [0x0000000080000000, 0x000000008fc00000, 0x00000000d5580000)
  object space 258048K, 99% used [0x0000000080000000,0x000000008fbe0e18,0x000000008fc00000)
 Metaspace       used 67718K, committed 69376K, reserved 1114112K
  class space    used 7066K, committed 7744K, reserved 1048576K
}
Event: 6030.796 GC heap after
{Heap after GC invocations=182 (full 3):
 PSYoungGen      total 2048K, used 320K [0x00000000d5580000, 0x00000000d5800000, 0x0000000100000000)
  eden space 1024K, 0% used [0x00000000d5580000,0x00000000d5580000,0x00000000d5680000)
  from space 1024K, 31% used [0x00000000d5680000,0x00000000d56d0000,0x00000000d5780000)
  to   space 512K, 0% used [0x00000000d5780000,0x00000000d5780000,0x00000000d5800000)
 ParOldGen       total 258560K, used 258211K [0x0000000080000000, 0x000000008fc80000, 0x00000000d5580000)
  object space 258560K, 99% used [0x0000000080000000,0x000000008fc28cb0,0x000000008fc80000)
 Metaspace       used 67718K, committed 69376K, reserved 1114112K
  class space    used 7066K, committed 7744K, reserved 1048576K
}
Event: 6031.518 GC heap before
{Heap before GC invocations=183 (full 3):
 PSYoungGen      total 2048K, used 1344K [0x00000000d5580000, 0x00000000d5800000, 0x0000000100000000)
  eden space 1024K, 100% used [0x00000000d5580000,0x00000000d5680000,0x00000000d5680000)
  from space 1024K, 31% used [0x00000000d5680000,0x00000000d56d0000,0x00000000d5780000)
  to   space 512K, 0% used [0x00000000d5780000,0x00000000d5780000,0x00000000d5800000)
 ParOldGen       total 258560K, used 258211K [0x0000000080000000, 0x000000008fc80000, 0x00000000d5580000)
  object space 258560K, 99% used [0x0000000080000000,0x000000008fc28cb0,0x000000008fc80000)
 Metaspace       used 67744K, committed 69376K, reserved 1114112K
  class space    used 7066K, committed 7744K, reserved 1048576K
}
Event: 6032.455 GC heap after
{Heap after GC invocations=183 (full 3):
 PSYoungGen      total 1536K, used 489K [0x00000000d5580000, 0x00000000d5880000, 0x0000000100000000)
  eden space 1024K, 0% used [0x00000000d5580000,0x00000000d5580000,0x00000000d5680000)
  from space 512K, 95% used [0x00000000d5780000,0x00000000d57fa640,0x00000000d5800000)
  to   space 1024K, 0% used [0x00000000d5680000,0x00000000d5680000,0x00000000d5780000)
 ParOldGen       total 258560K, used 258363K [0x0000000080000000, 0x000000008fc80000, 0x00000000d5580000)
  object space 258560K, 99% used [0x0000000080000000,0x000000008fc4ecb0,0x000000008fc80000)
 Metaspace       used 67744K, committed 69376K, reserved 1114112K
  class space    used 7066K, committed 7744K, reserved 1048576K
}

Dll operation events (10 events):
Event: 0.020 Loaded shared library c:\Users\claud\.trae\extensions\redhat.java-1.49.0-win32-x64\jre\21.0.9-win32-x86_64\bin\java.dll
Event: 0.172 Loaded shared library c:\Users\claud\.trae\extensions\redhat.java-1.49.0-win32-x64\jre\21.0.9-win32-x86_64\bin\zip.dll
Event: 0.229 Loaded shared library C:\Users\claud\.trae\extensions\redhat.java-1.49.0-win32-x64\jre\21.0.9-win32-x86_64\bin\instrument.dll
Event: 0.242 Loaded shared library C:\Users\claud\.trae\extensions\redhat.java-1.49.0-win32-x64\jre\21.0.9-win32-x86_64\bin\net.dll
Event: 0.247 Loaded shared library C:\Users\claud\.trae\extensions\redhat.java-1.49.0-win32-x64\jre\21.0.9-win32-x86_64\bin\nio.dll
Event: 0.254 Loaded shared library C:\Users\claud\.trae\extensions\redhat.java-1.49.0-win32-x64\jre\21.0.9-win32-x86_64\bin\zip.dll
Event: 0.443 Loaded shared library C:\Users\claud\.trae\extensions\redhat.java-1.49.0-win32-x64\jre\21.0.9-win32-x86_64\bin\jimage.dll
Event: 0.748 Loaded shared library c:\Users\claud\.trae\extensions\redhat.java-1.49.0-win32-x64\jre\21.0.9-win32-x86_64\bin\verify.dll
Event: 5.247 Loaded shared library C:\Users\claud\AppData\Roaming\Trae\User\globalStorage\redhat.java\1.49.0\config_win\org.eclipse.equinox.launcher\org.eclipse.equinox.launcher.win32.win32.x86_64_1.2.1400.v20250801-0854\eclipse_11916.dll
Event: 10.087 Loaded shared library C:\Users\claud\AppData\Local\Temp\jna-94742951\jna13811413475488597181.dll

Deoptimization events (20 events):
Event: 6019.533 Thread 0x000002637bdf7740 DEOPT PACKING pc=0x0000026369458a10 sp=0x000000bd717feaa0
Event: 6019.533 Thread 0x000002637bdf7740 DEOPT UNPACKING pc=0x0000026368703aa2 sp=0x000000bd717fea48 mode 2
Event: 6020.302 Thread 0x000002637bdf7740 DEOPT PACKING pc=0x0000026362cfd14c sp=0x000000bd717fe970
Event: 6020.303 Thread 0x000002637bdf7740 DEOPT UNPACKING pc=0x0000026368704242 sp=0x000000bd717fdf20 mode 0
Event: 6020.627 Thread 0x000002637bdf7740 DEOPT PACKING pc=0x0000026362d03309 sp=0x000000bd717feb60
Event: 6020.627 Thread 0x000002637bdf7740 DEOPT UNPACKING pc=0x0000026368704242 sp=0x000000bd717fe038 mode 0
Event: 6020.703 Thread 0x000002637d839a80 DEOPT PACKING pc=0x0000026361b7e104 sp=0x000000bd728fe3c0
Event: 6020.703 Thread 0x000002637d839a80 DEOPT UNPACKING pc=0x0000026368704242 sp=0x000000bd728fd878 mode 0
Event: 6021.004 Thread 0x000002637bdf7740 DEOPT PACKING pc=0x0000026362c2d64e sp=0x000000bd717fea80
Event: 6021.005 Thread 0x000002637bdf7740 DEOPT UNPACKING pc=0x0000026368704242 sp=0x000000bd717fdf60 mode 0
Event: 6021.397 Thread 0x000002637bdf7740 DEOPT PACKING pc=0x0000026362cfd14c sp=0x000000bd717fe970
Event: 6021.397 Thread 0x000002637bdf7740 DEOPT UNPACKING pc=0x0000026368704242 sp=0x000000bd717fdf20 mode 0
Event: 6021.512 Thread 0x000002637bdf7740 DEOPT PACKING pc=0x0000026362d03380 sp=0x000000bd717feb60
Event: 6021.512 Thread 0x000002637bdf7740 DEOPT UNPACKING pc=0x0000026368704242 sp=0x000000bd717fe038 mode 0
Event: 6022.030 Thread 0x000002637bdf7740 DEOPT PACKING pc=0x0000026362c2d64e sp=0x000000bd717fea80
Event: 6022.030 Thread 0x000002637bdf7740 DEOPT UNPACKING pc=0x0000026368704242 sp=0x000000bd717fdf60 mode 0
Event: 6022.350 Thread 0x000002637bdf7740 Uncommon trap: trap_request=0xffffff6e fr.pc=0x000002636958dbc0 relative=0x0000000000000d60
Event: 6022.350 Thread 0x000002637bdf7740 Uncommon trap: reason=loop_limit_check action=maybe_recompile pc=0x000002636958dbc0 method=org.eclipse.jdt.internal.compiler.SourceElementParser.constructTypeReference(I)Lorg/eclipse/jdt/internal/compiler/ast/TypeReference; @ 760 c2
Event: 6022.350 Thread 0x000002637bdf7740 DEOPT PACKING pc=0x000002636958dbc0 sp=0x000000bd717fe970
Event: 6022.350 Thread 0x000002637bdf7740 DEOPT UNPACKING pc=0x0000026368703aa2 sp=0x000000bd717fe920 mode 2

Classes loaded (20 events):
Event: 332.571 Loading class java/util/stream/Nodes$CollectorTask$OfRef
Event: 332.574 Loading class java/util/stream/Nodes$CollectorTask
Event: 332.577 Loading class java/util/stream/Nodes$CollectorTask done
Event: 332.577 Loading class java/util/stream/Nodes$CollectorTask$OfRef done
Event: 332.577 Loading class java/util/function/LongFunction
Event: 332.578 Loading class java/util/function/LongFunction done
Event: 332.580 Loading class java/util/stream/Nodes$ConcNode
Event: 332.581 Loading class java/util/stream/Nodes$AbstractConcNode
Event: 332.582 Loading class java/util/stream/Nodes$AbstractConcNode done
Event: 332.582 Loading class java/util/stream/Nodes$ConcNode done
Event: 332.648 Loading class java/io/ObjectOutputStream$BlockDataOutputStream
Event: 332.649 Loading class java/io/ObjectOutputStream$BlockDataOutputStream done
Event: 332.649 Loading class java/io/ObjectOutputStream$HandleTable
Event: 332.649 Loading class java/io/ObjectOutputStream$HandleTable done
Event: 332.650 Loading class java/io/ObjectOutputStream$ReplaceTable
Event: 332.650 Loading class java/io/ObjectOutputStream$ReplaceTable done
Event: 1015.469 Loading class sun/nio/fs/WindowsFileCopy
Event: 1015.572 Loading class sun/nio/fs/WindowsFileCopy done
Event: 1016.047 Loading class java/lang/UnsupportedClassVersionError
Event: 1016.051 Loading class java/lang/UnsupportedClassVersionError done

Classes unloaded (7 events):
Event: 12.321 Thread 0x000002635c6ce9e0 Unloading class 0x00000263011ac000 'java/lang/invoke/LambdaForm$MH+0x00000263011ac000'
Event: 12.321 Thread 0x000002635c6ce9e0 Unloading class 0x00000263011abc00 'java/lang/invoke/LambdaForm$MH+0x00000263011abc00'
Event: 12.321 Thread 0x000002635c6ce9e0 Unloading class 0x00000263011ab800 'java/lang/invoke/LambdaForm$MH+0x00000263011ab800'
Event: 12.321 Thread 0x000002635c6ce9e0 Unloading class 0x00000263011ab400 'java/lang/invoke/LambdaForm$MH+0x00000263011ab400'
Event: 12.321 Thread 0x000002635c6ce9e0 Unloading class 0x00000263011ab000 'java/lang/invoke/LambdaForm$BMH+0x00000263011ab000'
Event: 12.321 Thread 0x000002635c6ce9e0 Unloading class 0x00000263011aac00 'java/lang/invoke/LambdaForm$DMH+0x00000263011aac00'
Event: 12.321 Thread 0x000002635c6ce9e0 Unloading class 0x00000263011a9800 'java/lang/invoke/LambdaForm$DMH+0x00000263011a9800'

Classes redefined (0 events):
No events

Internal exceptions (20 events):
Event: 6022.532 Thread 0x000002637bdf7740 Implicit null exception at 0x00000263621c7b9b to 0x00000263621c8155
Event: 6022.532 Thread 0x000002637bdf7740 Exception <a 'java/lang/NullPointerException'{0x00000000d55fba90}> (0x00000000d55fba90) 
thrown [s\src\hotspot\share\runtime\sharedRuntime.cpp, line 625]
Event: 6022.532 Thread 0x000002637bdf7740 Implicit null exception at 0x00000263621c7b9b to 0x00000263621c8155
Event: 6022.532 Thread 0x000002637bdf7740 Exception <a 'java/lang/NullPointerException'{0x00000000d55fbee8}> (0x00000000d55fbee8) 
thrown [s\src\hotspot\share\runtime\sharedRuntime.cpp, line 625]
Event: 6022.532 Thread 0x000002637bdf7740 Implicit null exception at 0x00000263621c7b9b to 0x00000263621c8155
Event: 6022.532 Thread 0x000002637bdf7740 Exception <a 'java/lang/NullPointerException'{0x00000000d55fc340}> (0x00000000d55fc340) 
thrown [s\src\hotspot\share\runtime\sharedRuntime.cpp, line 625]
Event: 6022.532 Thread 0x000002637bdf7740 Implicit null exception at 0x00000263621c7b9b to 0x00000263621c8155
Event: 6022.532 Thread 0x000002637bdf7740 Exception <a 'java/lang/NullPointerException'{0x00000000d55fc798}> (0x00000000d55fc798) 
thrown [s\src\hotspot\share\runtime\sharedRuntime.cpp, line 625]
Event: 6022.532 Thread 0x000002637bdf7740 Implicit null exception at 0x00000263621c7b9b to 0x00000263621c8155
Event: 6022.532 Thread 0x000002637bdf7740 Exception <a 'java/lang/NullPointerException'{0x00000000d55fd610}> (0x00000000d55fd610) 
thrown [s\src\hotspot\share\runtime\sharedRuntime.cpp, line 625]
Event: 6022.532 Thread 0x000002637bdf7740 Implicit null exception at 0x00000263621c7b9b to 0x00000263621c8155
Event: 6022.532 Thread 0x000002637bdf7740 Exception <a 'java/lang/NullPointerException'{0x00000000d55fe430}> (0x00000000d55fe430) 
thrown [s\src\hotspot\share\runtime\sharedRuntime.cpp, line 625]
Event: 6022.532 Thread 0x000002637bdf7740 Implicit null exception at 0x00000263621c7b9b to 0x00000263621c8155
Event: 6022.532 Thread 0x000002637bdf7740 Exception <a 'java/lang/NullPointerException'{0x00000000d55ff258}> (0x00000000d55ff258) 
thrown [s\src\hotspot\share\runtime\sharedRuntime.cpp, line 625]
Event: 6022.533 Thread 0x000002637bdf7740 Implicit null exception at 0x00000263621c7b9b to 0x00000263621c8155
Event: 6022.533 Thread 0x000002637bdf7740 Exception <a 'java/lang/NullPointerException'{0x00000000d55ff6b0}> (0x00000000d55ff6b0) 
thrown [s\src\hotspot\share\runtime\sharedRuntime.cpp, line 625]
Event: 6022.533 Thread 0x000002637bdf7740 Implicit null exception at 0x00000263621c7b9b to 0x00000263621c8155
Event: 6022.570 Thread 0x000002637bdf7740 Exception <a 'java/lang/NullPointerException'{0x00000000d5700000}> (0x00000000d5700000) 
thrown [s\src\hotspot\share\runtime\sharedRuntime.cpp, line 625]
Event: 6022.570 Thread 0x000002637bdf7740 Implicit null exception at 0x00000263621c7b9b to 0x00000263621c8155
Event: 6022.570 Thread 0x000002637bdf7740 Exception <a 'java/lang/NullPointerException'{0x00000000d5582a68}> (0x00000000d5582a68) 
thrown [s\src\hotspot\share\runtime\sharedRuntime.cpp, line 625]

ZGC Phase Switch (0 events):
No events

VM Operations (20 events):
Event: 6028.391 Executing VM operation: ParallelGCFailedAllocation (Allocation Failure)
Event: 6028.492 Executing VM operation: ParallelGCFailedAllocation (Allocation Failure) done
Event: 6028.620 Executing VM operation: ParallelGCFailedAllocation (Allocation Failure)
Event: 6028.623 Executing VM operation: ParallelGCFailedAllocation (Allocation Failure) done
Event: 6028.948 Executing VM operation: ParallelGCFailedAllocation (Allocation Failure)
Event: 6028.950 Executing VM operation: ParallelGCFailedAllocation (Allocation Failure) done
Event: 6029.094 Executing VM operation: ParallelGCFailedAllocation (Allocation Failure)
Event: 6029.113 Executing VM operation: ParallelGCFailedAllocation (Allocation Failure) done
Event: 6029.341 Executing VM operation: ParallelGCFailedAllocation (Allocation Failure)
Event: 6029.346 Executing VM operation: ParallelGCFailedAllocation (Allocation Failure) done
Event: 6029.427 Executing VM operation: ParallelGCFailedAllocation (Allocation Failure)
Event: 6029.429 Executing VM operation: ParallelGCFailedAllocation (Allocation Failure) done
Event: 6029.880 Executing VM operation: ParallelGCFailedAllocation (Allocation Failure)
Event: 6029.884 Executing VM operation: ParallelGCFailedAllocation (Allocation Failure) done
Event: 6030.324 Executing VM operation: ParallelGCFailedAllocation (Allocation Failure)
Event: 6030.327 Executing VM operation: ParallelGCFailedAllocation (Allocation Failure) done
Event: 6030.731 Executing VM operation: ParallelGCFailedAllocation (Allocation Failure)
Event: 6030.796 Executing VM operation: ParallelGCFailedAllocation (Allocation Failure) done
Event: 6031.518 Executing VM operation: ParallelGCFailedAllocation (Allocation Failure)
Event: 6032.455 Executing VM operation: ParallelGCFailedAllocation (Allocation Failure) done

Memory protections (0 events):
No events

Nmethod flushes (20 events):
Event: 35.511 Thread 0x000002635c6ce9e0 flushing  nmethod 0x0000026361a2fd90
Event: 35.511 Thread 0x000002635c6ce9e0 flushing  nmethod 0x0000026361a31790
Event: 35.511 Thread 0x000002635c6ce9e0 flushing  nmethod 0x0000026361a31b90
Event: 35.511 Thread 0x000002635c6ce9e0 flushing  nmethod 0x0000026361a32010
Event: 35.511 Thread 0x000002635c6ce9e0 flushing  nmethod 0x0000026361a32610
Event: 35.511 Thread 0x000002635c6ce9e0 flushing  nmethod 0x0000026361a32a10
Event: 35.511 Thread 0x000002635c6ce9e0 flushing  nmethod 0x0000026361a32e10
Event: 35.511 Thread 0x000002635c6ce9e0 flushing  nmethod 0x0000026361a33290
Event: 35.511 Thread 0x000002635c6ce9e0 flushing  nmethod 0x0000026361a39790
Event: 35.511 Thread 0x000002635c6ce9e0 flushing  nmethod 0x0000026361a3b110
Event: 35.511 Thread 0x000002635c6ce9e0 flushing  nmethod 0x0000026361a6ae10
Event: 35.511 Thread 0x000002635c6ce9e0 flushing  nmethod 0x0000026361ab6710
Event: 35.511 Thread 0x000002635c6ce9e0 flushing  nmethod 0x0000026361ab7c10
Event: 35.511 Thread 0x000002635c6ce9e0 flushing  nmethod 0x0000026361aba010
Event: 35.511 Thread 0x000002635c6ce9e0 flushing  nmethod 0x0000026361ac8e90
Event: 35.511 Thread 0x000002635c6ce9e0 flushing  nmethod 0x0000026361acf190
Event: 35.511 Thread 0x000002635c6ce9e0 flushing  nmethod 0x0000026361adde10
Event: 35.511 Thread 0x000002635c6ce9e0 flushing  nmethod 0x0000026361afca90
Event: 35.511 Thread 0x000002635c6ce9e0 flushing  nmethod 0x0000026361b00290
Event: 35.511 Thread 0x000002635c6ce9e0 flushing  nmethod 0x0000026361b22590

Events (20 events):
Event: 3224.046 Thread 0x0000026375017150 Thread added: 0x000002637f28cbe0
Event: 3225.207 Thread 0x000002637f28cbe0 Thread exited: 0x000002637f28cbe0
Event: 3283.601 Thread 0x000002637c2bb2e0 Thread exited: 0x000002637c2bb2e0
Event: 3346.567 Thread 0x000002637c2b7e60 Thread exited: 0x000002637c2b7e60
Event: 3346.570 Thread 0x000002637c2b6ab0 Thread exited: 0x000002637c2b6ab0
Event: 3346.572 Thread 0x000002637c2b9210 Thread exited: 0x000002637c2b9210
Event: 3406.580 Thread 0x000002637c2b6420 Thread exited: 0x000002637c2b6420
Event: 3523.022 Thread 0x000002637c2b98a0 Thread added: 0x000002637c2b7e60
Event: 3523.031 Thread 0x000002637c2b7e60 Thread exited: 0x000002637c2b7e60
Event: 3523.106 Thread 0x000002637c2b98a0 Thread added: 0x000002637c2b9210
Event: 3523.107 Thread 0x000002637c2b9210 Thread exited: 0x000002637c2b9210
Event: 3523.757 Thread 0x0000026375017150 Thread added: 0x000002637d216070
Event: 3528.858 Thread 0x000002637d216070 Thread exited: 0x000002637d216070
Event: 6017.673 Thread 0x000002637d839a80 Thread added: 0x000002637c2b7e60
Event: 6018.424 Thread 0x000002637c2b98a0 Thread added: 0x000002637c2b6ab0
Event: 6018.443 Thread 0x000002637c2b6ab0 Thread added: 0x000002637c2b9210
Event: 6018.480 Thread 0x000002637d839a80 Thread added: 0x000002637c2b6420
Event: 6020.149 Thread 0x0000026374fecd00 Thread added: 0x0000026349ce1fd0
Event: 6020.269 Thread 0x0000026349ce1fd0 Thread exited: 0x0000026349ce1fd0
Event: 6029.384 Thread 0x000002637c2bac50 Thread added: 0x000002637c2bc690


Dynamic libraries:
0x00007ff7d8d10000 - 0x00007ff7d8d1e000 	c:\Users\claud\.trae\extensions\redhat.java-1.49.0-win32-x64\jre\21.0.9-win32-x86_64\bin\java.exe
0x00007ffbe9900000 - 0x00007ffbe9b68000 	C:\WINDOWS\SYSTEM32\ntdll.dll
0x00007ffbe8400000 - 0x00007ffbe84c9000 	C:\WINDOWS\System32\KERNEL32.DLL
0x00007ffbe6fe0000 - 0x00007ffbe73d8000 	C:\WINDOWS\System32\KERNELBASE.dll
0x00007ffbe7490000 - 0x00007ffbe75db000 	C:\WINDOWS\System32\ucrtbase.dll
0x00007ffbd5980000 - 0x00007ffbd5998000 	c:\Users\claud\.trae\extensions\redhat.java-1.49.0-win32-x64\jre\21.0.9-win32-x86_64\bin\jli.dll
0x00007ffbd5940000 - 0x00007ffbd595e000 	c:\Users\claud\.trae\extensions\redhat.java-1.49.0-win32-x64\jre\21.0.9-win32-x86_64\bin\VCRUNTIME140.dll
0x00007ffbe87b0000 - 0x00007ffbe8977000 	C:\WINDOWS\System32\USER32.dll
0x00007ffbe6d80000 - 0x00007ffbe6da7000 	C:\WINDOWS\System32\win32u.dll
0x00007ffbd6290000 - 0x00007ffbd6524000 	C:\WINDOWS\WinSxS\amd64_microsoft.windows.common-controls_6595b64144ccf1df_6.0.26100.7019_none_3e06ffa0e335b8a8\COMCTL32.dll
0x00007ffbe90f0000 - 0x00007ffbe911b000 	C:\WINDOWS\System32\GDI32.dll
0x00007ffbe8f80000 - 0x00007ffbe9029000 	C:\WINDOWS\System32\msvcrt.dll
0x00007ffbe6a50000 - 0x00007ffbe6b7c000 	C:\WINDOWS\System32\gdi32full.dll
0x00007ffbe6f30000 - 0x00007ffbe6fd3000 	C:\WINDOWS\System32\msvcp_win.dll
0x00007ffbe7940000 - 0x00007ffbe7971000 	C:\WINDOWS\System32\IMM32.DLL
0x00007ffbe18e0000 - 0x00007ffbe18ec000 	c:\Users\claud\.trae\extensions\redhat.java-1.49.0-win32-x64\jre\21.0.9-win32-x86_64\bin\vcruntime140_1.dll
0x00007ffbb7a80000 - 0x00007ffbb7b0d000 	c:\Users\claud\.trae\extensions\redhat.java-1.49.0-win32-x64\jre\21.0.9-win32-x86_64\bin\msvcp140.dll
0x00007ffb196b0000 - 0x00007ffb1a450000 	c:\Users\claud\.trae\extensions\redhat.java-1.49.0-win32-x64\jre\21.0.9-win32-x86_64\bin\server\jvm.dll
0x00007ffbe8980000 - 0x00007ffbe8a34000 	C:\WINDOWS\System32\ADVAPI32.dll
0x00007ffbe8a40000 - 0x00007ffbe8ae6000 	C:\WINDOWS\System32\sechost.dll
0x00007ffbe80e0000 - 0x00007ffbe81f8000 	C:\WINDOWS\System32\RPCRT4.dll
0x00007ffbe8640000 - 0x00007ffbe86b4000 	C:\WINDOWS\System32\WS2_32.dll
0x00007ffbe68b0000 - 0x00007ffbe690e000 	C:\WINDOWS\SYSTEM32\POWRPROF.dll
0x00007ffbdf430000 - 0x00007ffbdf465000 	C:\WINDOWS\SYSTEM32\WINMM.dll
0x00007ffbdf950000 - 0x00007ffbdf95b000 	C:\WINDOWS\SYSTEM32\VERSION.dll
0x00007ffbe6890000 - 0x00007ffbe68a4000 	C:\WINDOWS\SYSTEM32\UMPDC.dll
0x00007ffbe5810000 - 0x00007ffbe582b000 	C:\WINDOWS\SYSTEM32\kernel.appcore.dll
0x00007ffbdc0d0000 - 0x00007ffbdc0da000 	c:\Users\claud\.trae\extensions\redhat.java-1.49.0-win32-x64\jre\21.0.9-win32-x86_64\bin\jimage.dll
0x00007ffbd9a50000 - 0x00007ffbd9c92000 	C:\WINDOWS\SYSTEM32\DBGHELP.DLL
0x00007ffbe94d0000 - 0x00007ffbe985b000 	C:\WINDOWS\System32\combase.dll
0x00007ffbe86c0000 - 0x00007ffbe8797000 	C:\WINDOWS\System32\OLEAUT32.dll
0x00007ffbc4220000 - 0x00007ffbc425c000 	C:\WINDOWS\SYSTEM32\dbgcore.DLL
0x00007ffbe73e0000 - 0x00007ffbe7485000 	C:\WINDOWS\System32\bcryptPrimitives.dll
0x00007ffbdc010000 - 0x00007ffbdc01f000 	c:\Users\claud\.trae\extensions\redhat.java-1.49.0-win32-x64\jre\21.0.9-win32-x86_64\bin\instrument.dll
0x00007ffbd55c0000 - 0x00007ffbd55e0000 	c:\Users\claud\.trae\extensions\redhat.java-1.49.0-win32-x64\jre\21.0.9-win32-x86_64\bin\java.dll
0x00007ffbe7980000 - 0x00007ffbe80cf000 	C:\WINDOWS\System32\SHELL32.dll
0x00007ffbe6b80000 - 0x00007ffbe6ceb000 	C:\WINDOWS\System32\wintypes.dll
0x00007ffbe4670000 - 0x00007ffbe4ecd000 	C:\WINDOWS\SYSTEM32\windows.storage.dll
0x00007ffbe7840000 - 0x00007ffbe7932000 	C:\WINDOWS\System32\SHCORE.dll
0x00007ffbe85d0000 - 0x00007ffbe8637000 	C:\WINDOWS\System32\shlwapi.dll
0x00007ffbe6970000 - 0x00007ffbe6999000 	C:\WINDOWS\SYSTEM32\profapi.dll
0x00007ffbd5800000 - 0x00007ffbd5818000 	c:\Users\claud\.trae\extensions\redhat.java-1.49.0-win32-x64\jre\21.0.9-win32-x86_64\bin\zip.dll
0x00007ffbd9840000 - 0x00007ffbd9850000 	C:\Users\claud\.trae\extensions\redhat.java-1.49.0-win32-x64\jre\21.0.9-win32-x86_64\bin\net.dll
0x00007ffbdf470000 - 0x00007ffbdf598000 	C:\WINDOWS\SYSTEM32\WINHTTP.dll
0x00007ffbe5d80000 - 0x00007ffbe5deb000 	C:\WINDOWS\system32\mswsock.dll
0x00007ffbcf4b0000 - 0x00007ffbcf4c6000 	C:\Users\claud\.trae\extensions\redhat.java-1.49.0-win32-x64\jre\21.0.9-win32-x86_64\bin\nio.dll
0x00007ffbd97c0000 - 0x00007ffbd97d0000 	c:\Users\claud\.trae\extensions\redhat.java-1.49.0-win32-x64\jre\21.0.9-win32-x86_64\bin\verify.dll
0x00007ffbb60c0000 - 0x00007ffbb6104000 	C:\Users\claud\AppData\Roaming\Trae\User\globalStorage\redhat.java\1.49.0\config_win\org.eclipse.equinox.launcher\org.eclipse.equinox.launcher.win32.win32.x86_64_1.2.1400.v20250801-0854\eclipse_11916.dll
0x00007ffbe9230000 - 0x00007ffbe93c7000 	C:\WINDOWS\System32\ole32.dll
0x00007ffbe6040000 - 0x00007ffbe605b000 	C:\WINDOWS\SYSTEM32\CRYPTSP.dll
0x00007ffbe5770000 - 0x00007ffbe57aa000 	C:\WINDOWS\system32\rsaenh.dll
0x00007ffbe5e30000 - 0x00007ffbe5e5b000 	C:\WINDOWS\SYSTEM32\USERENV.dll
0x00007ffbe6940000 - 0x00007ffbe696a000 	C:\WINDOWS\SYSTEM32\bcrypt.dll
0x00007ffbe6060000 - 0x00007ffbe606c000 	C:\WINDOWS\SYSTEM32\CRYPTBASE.dll
0x00007ffbe5250000 - 0x00007ffbe5284000 	C:\WINDOWS\SYSTEM32\IPHLPAPI.DLL
0x00007ffbe8540000 - 0x00007ffbe854a000 	C:\WINDOWS\System32\NSI.dll
0x00007ffbb3980000 - 0x00007ffbb39c9000 	C:\Users\claud\AppData\Local\Temp\jna-94742951\jna13811413475488597181.dll
0x00007ffbe9860000 - 0x00007ffbe9868000 	C:\WINDOWS\System32\PSAPI.DLL
0x00007ffbdf920000 - 0x00007ffbdf93e000 	C:\WINDOWS\SYSTEM32\dhcpcsvc6.DLL
0x00007ffbdef20000 - 0x00007ffbdef43000 	C:\WINDOWS\SYSTEM32\dhcpcsvc.DLL

JVMTI agents:
c:\Users\claud\.trae\extensions\redhat.java-1.49.0-win32-x64\lombok\lombok-1.18.39-4050.jar path:c:\Users\claud\.trae\extensions\redhat.java-1.49.0-win32-x64\jre\21.0.9-win32-x86_64\bin\instrument.dll, loaded, initialized, instrumentlib options:none

dbghelp: loaded successfully - version: 4.0.5 - missing functions: none
symbol engine: initialized successfully - sym options: 0x614 - pdb path: .;c:\Users\claud\.trae\extensions\redhat.java-1.49.0-win32-x64\jre\21.0.9-win32-x86_64\bin;C:\WINDOWS\SYSTEM32;C:\WINDOWS\WinSxS\amd64_microsoft.windows.common-controls_6595b64144ccf1df_6.0.26100.7019_none_3e06ffa0e335b8a8;c:\Users\claud\.trae\extensions\redhat.java-1.49.0-win32-x64\jre\21.0.9-win32-x86_64\bin\server;C:\Users\claud\AppData\Roaming\Trae\User\globalStorage\redhat.java\1.49.0\config_win\org.eclipse.equinox.launcher\org.eclipse.equinox.launcher.win32.win32.x86_64_1.2.1400.v20250801-0854;C:\Users\claud\AppData\Local\Temp\jna-94742951

VM Arguments:
jvm_args: --add-modules=ALL-SYSTEM --add-opens=java.base/java.util=ALL-UNNAMED --add-opens=java.base/java.lang=ALL-UNNAMED --add-opens=java.base/sun.nio.fs=ALL-UNNAMED -Declipse.application=org.eclipse.jdt.ls.core.id1 -Dosgi.bundles.defaultStartLevel=4 -Declipse.product=org.eclipse.jdt.ls.core.product -Djava.import.generatesMetadataFilesAtProjectRoot=false -DDetectVMInstallationsJob.disabled=true -Dfile.encoding=utf8 -XX:+UseParallelGC -XX:GCTimeRatio=4 -XX:AdaptiveSizePolicyWeight=90 -Dsun.zip.disableMemoryMapping=true -Xmx2G -Xms100m -Xlog:disable -javaagent:c:\Users\claud\.trae\extensions\redhat.java-1.49.0-win32-x64\lombok\lombok-1.18.39-4050.jar -XX:+HeapDumpOnOutOfMemoryError -XX:HeapDumpPath=c:\Users\claud\AppData\Roaming\Trae\User\workspaceStorage\c4a64f282fad8922d1719e4f960283e6\redhat.java -Daether.dependencyCollector.impl=bf 
java_command: c:\Users\claud\.trae\extensions\redhat.java-1.49.0-win32-x64\server\plugins\org.eclipse.equinox.launcher_1.7.100.v20251111-0406.jar -configuration c:\Users\claud\AppData\Roaming\Trae\User\globalStorage\redhat.java\1.49.0\config_win -data c:\Users\claud\AppData\Roaming\Trae\User\workspaceStorage\c4a64f282fad8922d1719e4f960283e6\redhat.java\jdt_ws --pipe=\\.\pipe\lsp-6ece0c405b27f166a9be2c0d80e99eed-sock
java_class_path (initial): c:\Users\claud\.trae\extensions\redhat.java-1.49.0-win32-x64\server\plugins\org.eclipse.equinox.launcher_1.7.100.v20251111-0406.jar
Launcher Type: SUN_STANDARD

[Global flags]
    uintx AdaptiveSizePolicyWeight                 = 90                                        {product} {command line}
     intx CICompilerCount                          = 4                                         {product} {ergonomic}
    uintx GCTimeRatio                              = 4                                         {product} {command line}
     bool HeapDumpOnOutOfMemoryError               = true                                   {manageable} {command line}
    ccstr HeapDumpPath                             = c:\Users\claud\AppData\Roaming\Trae\User\workspaceStorage\c4a64f282fad8922d1719e4f960283e6\redhat.java         {manageable} {command line}
   size_t InitialHeapSize                          = 104857600                                 {product} {command line}
   size_t MaxHeapSize                              = 2147483648                                {product} {command line}
   size_t MaxNewSize                               = 715653120                                 {product} {ergonomic}
   size_t MinHeapDeltaBytes                        = 524288                                    {product} {ergonomic}
   size_t MinHeapSize                              = 104857600                                 {product} {command line}
   size_t NewSize                                  = 34603008                                  {product} {ergonomic}
    uintx NonNMethodCodeHeapSize                   = 5839372                                {pd product} {ergonomic}
    uintx NonProfiledCodeHeapSize                  = 122909434                              {pd product} {ergonomic}
   size_t OldSize                                  = 70254592                                  {product} {ergonomic}
    uintx ProfiledCodeHeapSize                     = 122909434                              {pd product} {ergonomic}
    uintx ReservedCodeCacheSize                    = 251658240                              {pd product} {ergonomic}
     bool SegmentedCodeCache                       = true                                      {product} {ergonomic}
   size_t SoftMaxHeapSize                          = 2147483648                             {manageable} {ergonomic}
     bool UseCompressedOops                        = true                           {product lp64_product} {ergonomic}
     bool UseLargePagesIndividualAllocation        = false                                  {pd product} {ergonomic}
     bool UseParallelGC                            = true                                      {product} {command line}

Logging:
Log output configuration:
 #0: stdout all=off uptime,level,tags foldmultilines=false
 #1: stderr all=off uptime,level,tags foldmultilines=false

Release file:
JAVA_VERSION="21.0.9" 
MODULES="java.base java.compiler java.datatransfer java.xml java.prefs java.desktop java.instrument java.logging java.management java.security.sasl java.naming java.rmi java.management.rmi java.net.http java.scripting java.security.jgss java.transaction.xa java.sql java.sql.rowset java.xml.crypto java.se java.smartcardio jdk.accessibility jdk.internal.jvmstat jdk.attach jdk.charsets jdk.internal.opt jdk.zipfs jdk.compiler jdk.crypto.ec jdk.crypto.cryptoki jdk.crypto.mscapi jdk.dynalink jdk.internal.ed jdk.editpad jdk.hotspot.agent jdk.httpserver jdk.internal.le jdk.internal.vm.ci jdk.internal.vm.compiler jdk.internal.vm.compiler.management jdk.jartool jdk.javadoc jdk.jcmd jdk.management jdk.management.agent jdk.jconsole jdk.jdeps jdk.jdwp.agent jdk.jdi jdk.jfr jdk.jshell jdk.jsobject jdk.jstatd jdk.localedata jdk.management.jfr jdk.naming.dns jdk.naming.rmi jdk.net jdk.nio.mapmode jdk.random jdk.sctp jdk.security.auth jdk.security.jgss jdk.unsupported jdk.unsupported.desktop jdk.xml.dom" 

Environment Variables:
JAVA_HOME=C:\Program Files\Java\jdk-21
PATH=C:\Users\claud\.trae\tools\gradle\latest\bin;C:\Program Files\Java\jdk-21\bin;C:\Users\claud\.trae\tools\maven\latest\bin;C:\Program Files\Common Files\Oracle\Java\javapath;C:\WINDOWS\system32;C:\WINDOWS;C:\WINDOWS\System32\Wbem;C:\WINDOWS\System32\WindowsPowerShell\v1.0\;C:\WINDOWS\System32\OpenSSH\;C:\Program Files\nodejs\;C:\ProgramData\chocolatey\bin;%JAVA_HOME%\bin;C:\Program Files\Cloudflare\Cloudflare WARP\;C:\Users\claud\apache-maven-3.9.11-bin\apache-maven-3.9.11\bin;C:\Program Files\PowerToys\;C:\Program Files\Git\cmd;C:\Program Files (x86)\cloudflared\;"C:\Users\claud\AppData\Local\Microsoft\WindowsApps;C:\Program Files\Java\jdk-21\bin";C:\Users\claud\AppData\Local\Programs\Microsoft VS Code\bin;C:\Users\claud\AppData\Local\GitHubDesktop\bin;C:\Users\claud\AppData\Local\Microsoft\WindowsApps;C:\Users\claud\AppData\Roaming\npm;C:\Users\claud\AppData\Local\Microsoft\WinGet\Packages\Ngrok.Ngrok_Microsoft.Winget.Source_8wekyb3d8bbwe;;c:\Users\claud\AppData\Local\Programs\Trae\resources\app\bin\lib
USERNAME=claud
OS=Windows_NT
PROCESSOR_IDENTIFIER=AMD64 Family 23 Model 160 Stepping 0, AuthenticAMD
TMP=C:\Users\claud\AppData\Local\Temp
TEMP=C:\Users\claud\AppData\Local\Temp




Periodic native trim disabled

---------------  S Y S T E M  ---------------

OS:
 Windows 11 , 64 bit Build 26100 (10.0.26100.7019)
OS uptime: 7 days 2:40 hours
Hyper-V role detected

CPU: total 8 (initial active 8) (8 cores per cpu, 2 threads per core) family 23 model 160 stepping 0 microcode 0x8a00006, cx8, cmov, fxsr, ht, mmx, 3dnowpref, sse, sse2, sse3, ssse3, sse4a, sse4.1, sse4.2, popcnt, lzcnt, tsc, tscinvbit, avx, avx2, aes, clmul, bmi1, bmi2, adx, sha, fma, vzeroupper, clflush, clflushopt, hv, rdtscp, rdpid, f16c
Processor Information for the first 8 processors :
  Max Mhz: 2801, Current Mhz: 2801, Mhz Limit: 2801

Memory: 4k page, system-wide physical 7413M (352M free)
TotalPageFile size 29941M (AvailPageFile size 1M)
current process WorkingSet (physical memory assigned to process): 130M, peak: 394M
current process commit charge ("private bytes"): 544M, peak: 552M

vm_info: OpenJDK 64-Bit Server VM (21.0.9+10-LTS) for windows-amd64 JRE (21.0.9+10-LTS), built on 2025-10-21T00:00:00Z by "admin" with unknown MS VC++:1942

END.
