#
# There is insufficient memory for the Java Runtime Environment to continue.
# Native memory allocation (malloc) failed to allocate 134176 bytes. Error detail: Chunk::new
# Possible reasons:
#   The system is out of physical RAM or swap space
#   This process is running with CompressedOops enabled, and the Java Heap may be blocking the growth of the native heap
# Possible solutions:
#   Reduce memory load on the system
#   Increase physical memory or swap space
#   Check if swap backing store is full
#   Decrease Java heap size (-Xmx/-Xms)
#   Decrease number of Java threads
#   Decrease Java thread stack sizes (-Xss)
#   Set larger code cache with -XX:ReservedCodeCacheSize=
#   JVM is running with Unscaled Compressed Oops mode in which the Java heap is
#     placed in the first 4GB address space. The Java Heap base address is the
#     maximum limit for the native heap growth. Please use -XX:HeapBaseMinAddress
#     to set the Java Heap base and to place the Java Heap above 4GB virtual address.
# This output file may be truncated or incomplete.
#
#  Out of Memory Error (arena.cpp:168), pid=17168, tid=25304
#
# JRE version: OpenJDK Runtime Environment Temurin-21.0.9+10 (21.0.9+10) (build 21.0.9+10-LTS)
# Java VM: OpenJDK 64-Bit Server VM Temurin-21.0.9+10 (21.0.9+10-LTS, mixed mode, sharing, tiered, compressed oops, compressed class ptrs, parallel gc, windows-amd64)
# No core dump will be written. Minidumps are not enabled by default on client versions of Windows
#

---------------  S U M M A R Y ------------

Command Line: --add-modules=ALL-SYSTEM --add-opens=java.base/java.util=ALL-UNNAMED --add-opens=java.base/java.lang=ALL-UNNAMED --add-opens=java.base/sun.nio.fs=ALL-UNNAMED -Declipse.application=org.eclipse.jdt.ls.core.id1 -Dosgi.bundles.defaultStartLevel=4 -Declipse.product=org.eclipse.jdt.ls.core.product -Djava.import.generatesMetadataFilesAtProjectRoot=false -DDetectVMInstallationsJob.disabled=true -Dfile.encoding=utf8 -XX:+UseParallelGC -XX:GCTimeRatio=4 -XX:AdaptiveSizePolicyWeight=90 -Dsun.zip.disableMemoryMapping=true -Xmx2G -Xms100m -Xlog:disable -javaagent:c:\Users\claud\.trae\extensions\redhat.java-1.49.0-win32-x64\lombok\lombok-1.18.39-4050.jar -XX:+HeapDumpOnOutOfMemoryError -XX:HeapDumpPath=c:\Users\claud\AppData\Roaming\Trae\User\workspaceStorage\c4a64f282fad8922d1719e4f960283e6\redhat.java -Daether.dependencyCollector.impl=bf c:\Users\claud\.trae\extensions\redhat.java-1.49.0-win32-x64\server\plugins\org.eclipse.equinox.launcher_1.7.100.v20251111-0406.jar -configuration c:\Users\claud\AppData\Roaming\Trae\User\globalStorage\redhat.java\1.49.0\config_win -data c:\Users\claud\AppData\Roaming\Trae\User\workspaceStorage\c4a64f282fad8922d1719e4f960283e6\redhat.java\jdt_ws --pipe=\\.\pipe\lsp-c03bcb0fa682689f305cd69fbff5f921-sock

Host: AMD Ryzen 5 7520U with Radeon Graphics         , 8 cores, 7G,  Windows 11 , 64 bit Build 26100 (10.0.26100.7019)
Time: Sun Nov 23 20:42:12 2025 Hora oficial do Brasil elapsed time: 8.135907 seconds (0d 0h 0m 8s)

---------------  T H R E A D  ---------------

Current thread (0x0000021afddcc130):  JavaThread "C2 CompilerThread0" daemon [_thread_in_native, id=25304, stack(0x000000f666700000,0x000000f666800000) (1024K)]


Current CompileTask:
C2:8135 1263       4       java.lang.StringLatin1::toUpperCase (186 bytes)

Stack: [0x000000f666700000,0x000000f666800000]
Native frames: (J=compiled Java code, j=interpreted, Vv=VM code, C=native code)
V  [jvm.dll+0x6d6e29]
V  [jvm.dll+0x8b4b76]
V  [jvm.dll+0x8b712e]
V  [jvm.dll+0x8b7813]
V  [jvm.dll+0x283d86]
V  [jvm.dll+0xc66ed]
V  [jvm.dll+0xc6c31]
V  [jvm.dll+0x2facee]
V  [jvm.dll+0x5fde44]
V  [jvm.dll+0x255557]
V  [jvm.dll+0x25591d]
V  [jvm.dll+0x24df40]
V  [jvm.dll+0x24b482]
V  [jvm.dll+0x1cb13e]
V  [jvm.dll+0x25b29d]
V  [jvm.dll+0x25982a]
V  [jvm.dll+0x3f7ea6]
V  [jvm.dll+0x85e9ad]
V  [jvm.dll+0x6d565d]
C  [ucrtbase.dll+0x37b0]
C  [KERNEL32.DLL+0x2e8d7]
C  [ntdll.dll+0x8c53c]


---------------  P R O C E S S  ---------------

Threads class SMR info:
_java_thread_list=0x0000021ad8295d30, length=11, elements={
0x0000021af8420db0, 0x0000021afddbf6b0, 0x0000021afddc2b30, 0x0000021afddc5ea0,
0x0000021afddc68f0, 0x0000021afddc7340, 0x0000021afddc92f0, 0x0000021afddcc130,
0x0000021aff7e27d0, 0x0000021aff93e040, 0x0000021affa9c620
}

Java Threads: ( => current thread )
  0x0000021af8420db0 JavaThread "main"                              [_thread_in_native, id=25276, stack(0x000000f665d00000,0x000000f665e00000) (1024K)]
  0x0000021afddbf6b0 JavaThread "Reference Handler"          daemon [_thread_blocked, id=6436, stack(0x000000f666100000,0x000000f666200000) (1024K)]
  0x0000021afddc2b30 JavaThread "Finalizer"                  daemon [_thread_blocked, id=22896, stack(0x000000f666200000,0x000000f666300000) (1024K)]
  0x0000021afddc5ea0 JavaThread "Signal Dispatcher"          daemon [_thread_blocked, id=35232, stack(0x000000f666300000,0x000000f666400000) (1024K)]
  0x0000021afddc68f0 JavaThread "Attach Listener"            daemon [_thread_blocked, id=11412, stack(0x000000f666400000,0x000000f666500000) (1024K)]
  0x0000021afddc7340 JavaThread "Service Thread"             daemon [_thread_blocked, id=25468, stack(0x000000f666500000,0x000000f666600000) (1024K)]
  0x0000021afddc92f0 JavaThread "Monitor Deflation Thread"   daemon [_thread_blocked, id=28260, stack(0x000000f666600000,0x000000f666700000) (1024K)]
=>0x0000021afddcc130 JavaThread "C2 CompilerThread0"         daemon [_thread_in_native, id=25304, stack(0x000000f666700000,0x000000f666800000) (1024K)]
  0x0000021aff7e27d0 JavaThread "C1 CompilerThread0"         daemon [_thread_blocked, id=31548, stack(0x000000f666800000,0x000000f666900000) (1024K)]
  0x0000021aff93e040 JavaThread "Common-Cleaner"             daemon [_thread_blocked, id=17696, stack(0x000000f666900000,0x000000f666a00000) (1024K)]
  0x0000021affa9c620 JavaThread "Notification Thread"        daemon [_thread_blocked, id=26324, stack(0x000000f666a00000,0x000000f666b00000) (1024K)]
Total: 11

Other Threads:
  0x0000021afdda3510 VMThread "VM Thread"                           [id=23932, stack(0x000000f666000000,0x000000f666100000) (1024K)]
  0x0000021afdcdca00 WatcherThread "VM Periodic Task Thread"        [id=8424, stack(0x000000f665f00000,0x000000f666000000) (1024K)]
  0x0000021af843f150 WorkerThread "GC Thread#0"                     [id=21176, stack(0x000000f665e00000,0x000000f665f00000) (1024K)]
  0x0000021ad81092b0 WorkerThread "GC Thread#1"                     [id=5436, stack(0x000000f666b00000,0x000000f666c00000) (1024K)]
  0x0000021ad8299630 WorkerThread "GC Thread#2"                     [id=34184, stack(0x000000f666c00000,0x000000f666d00000) (1024K)]
  0x0000021ad8109650 WorkerThread "GC Thread#3"                     [id=36548, stack(0x000000f666d00000,0x000000f666e00000) (1024K)]
  0x0000021ad81099f0 WorkerThread "GC Thread#4"                     [id=10412, stack(0x000000f666e00000,0x000000f666f00000) (1024K)]
  0x0000021ad8107ce0 WorkerThread "GC Thread#5"                     [id=38584, stack(0x000000f666f00000,0x000000f667000000) (1024K)]
  0x0000021ad8108bf0 WorkerThread "GC Thread#6"                     [id=37892, stack(0x000000f667000000,0x000000f667100000) (1024K)]
Total: 9

Threads with active compile tasks:
C2 CompilerThread0  9061 1263       4       java.lang.StringLatin1::toUpperCase (186 bytes)
Total: 1

VM state: not at safepoint (normal execution)

VM Mutex/Monitor currently owned by a thread: None

Heap address: 0x0000000080000000, size: 2048 MB, Compressed Oops mode: 32-bit

CDS archive(s) mapped at: [0x0000021a93000000-0x0000021a93ba0000-0x0000021a93ba0000), size 12189696, SharedBaseAddress: 0x0000021a93000000, ArchiveRelocationMode: 1.
Compressed class space mapped at: 0x0000021a94000000-0x0000021ad4000000, reserved size: 1073741824
Narrow klass base: 0x0000021a93000000, Narrow klass shift: 0, Narrow klass range: 0x100000000

GC Precious Log:
 CardTable entry size: 512
 CPUs: 8 total, 8 available
 Memory: 7413M
 Large Page Support: Disabled
 NUMA Support: Disabled
 Compressed Oops: Enabled (32-bit)
 Alignments: Space 512K, Generation 512K, Heap 2M
 Heap Min Capacity: 100M
 Heap Initial Capacity: 100M
 Heap Max Capacity: 2G
 Pre-touch: Disabled
 Parallel Workers: 8

Heap:
 PSYoungGen      total 29696K, used 8232K [0x00000000d5580000, 0x00000000d7680000, 0x0000000100000000)
  eden space 25600K, 19% used [0x00000000d5580000,0x00000000d5a50198,0x00000000d6e80000)
  from space 4096K, 80% used [0x00000000d6e80000,0x00000000d71b9e98,0x00000000d7280000)
  to   space 4096K, 0% used [0x00000000d7280000,0x00000000d7280000,0x00000000d7680000)
 ParOldGen       total 68608K, used 8K [0x0000000080000000, 0x0000000084300000, 0x00000000d5580000)
  object space 68608K, 0% used [0x0000000080000000,0x0000000080002000,0x0000000084300000)
 Metaspace       used 5399K, committed 5696K, reserved 1114112K
  class space    used 573K, committed 704K, reserved 1048576K

Card table byte_map: [0x0000021afd140000,0x0000021afd550000] _byte_map_base: 0x0000021afcd40000

Marking Bits: (ParMarkBitMap*) 0x00007ffb1a372460
 Begin Bits: [0x0000021a8f000000, 0x0000021a91000000)
 End Bits:   [0x0000021a91000000, 0x0000021a93000000)

Polling page: 0x0000021af81e0000

Metaspace:

Usage:
  Non-class:      4.71 MB used.
      Class:    573.50 KB used.
       Both:      5.27 MB used.

Virtual space:
  Non-class space:       64.00 MB reserved,       4.88 MB (  8%) committed,  1 nodes.
      Class space:        1.00 GB reserved,     704.00 KB ( <1%) committed,  1 nodes.
             Both:        1.06 GB reserved,       5.56 MB ( <1%) committed. 

Chunk freelists:
   Non-Class:  10.49 MB
       Class:  15.36 MB
        Both:  25.85 MB

MaxMetaspaceSize: unlimited
CompressedClassSpaceSize: 1.00 GB
Initial GC threshold: 21.00 MB
Current GC threshold: 21.00 MB
CDS: on
 - commit_granule_bytes: 65536.
 - commit_granule_words: 8192.
 - virtual_space_node_default_size: 8388608.
 - enlarge_chunks_in_place: 1.
 - use_allocation_guard: 0.


Internal statistics:

num_allocs_failed_limit: 0.
num_arena_births: 190.
num_arena_deaths: 0.
num_vsnodes_births: 2.
num_vsnodes_deaths: 0.
num_space_committed: 89.
num_space_uncommitted: 0.
num_chunks_returned_to_freelist: 0.
num_chunks_taken_from_freelist: 292.
num_chunk_merges: 0.
num_chunk_splits: 186.
num_chunks_enlarged: 112.
num_inconsistent_stats: 0.

CodeHeap 'non-profiled nmethods': size=120000Kb used=483Kb max_used=483Kb free=119517Kb
 bounds [0x0000021a87ad0000, 0x0000021a87d40000, 0x0000021a8f000000]
CodeHeap 'profiled nmethods': size=120000Kb used=2112Kb max_used=2112Kb free=117887Kb
 bounds [0x0000021a80000000, 0x0000021a80270000, 0x0000021a87530000]
CodeHeap 'non-nmethods': size=5760Kb used=1204Kb max_used=1219Kb free=4555Kb
 bounds [0x0000021a87530000, 0x0000021a877a0000, 0x0000021a87ad0000]
CodeCache: size=245760Kb, used=3799Kb, max_used=3814Kb, free=241959Kb
 total_blobs=1739, nmethods=1272, adapters=374, full_count=0
Compilation: enabled, stopped_count=0, restarted_count=0

Compilation events (20 events):
Event: 6.074 Thread 0x0000021aff7e27d0 1254       3       jdk.internal.util.ByteArray::getUnsignedShort (12 bytes)
Event: 6.074 Thread 0x0000021aff7e27d0 nmethod 1254 0x0000021a80205f90 code [0x0000021a802061a0, 0x0000021a80206738]
Event: 6.075 Thread 0x0000021aff7e27d0 1255       3       java.lang.invoke.VarHandleByteArrayAsShorts$ArrayHandle::get (36 bytes)
Event: 6.075 Thread 0x0000021aff7e27d0 nmethod 1255 0x0000021a80206990 code [0x0000021a80206b60, 0x0000021a80206f40]
Event: 6.075 Thread 0x0000021aff7e27d0 1256       3       java.lang.invoke.VarHandleByteArrayAsShorts$ArrayHandle::index (12 bytes)
Event: 6.075 Thread 0x0000021aff7e27d0 nmethod 1256 0x0000021a80207110 code [0x0000021a802072c0, 0x0000021a80207408]
Event: 6.075 Thread 0x0000021aff7e27d0 1260       3       java.io.DataInputStream::readBoolean (13 bytes)
Event: 6.076 Thread 0x0000021afddcc130 nmethod 1257 0x0000021a87b47f90 code [0x0000021a87b48140, 0x0000021a87b48638]
Event: 6.076 Thread 0x0000021aff7e27d0 nmethod 1260 0x0000021a80207510 code [0x0000021a802076e0, 0x0000021a80207a10]
Event: 6.076 Thread 0x0000021aff7e27d0 1261       3       java.io.DataInputStream::readUnsignedByte (22 bytes)
Event: 6.076 Thread 0x0000021aff7e27d0 nmethod 1261 0x0000021a80207b90 code [0x0000021a80207d60, 0x0000021a80207fe0]
Event: 6.076 Thread 0x0000021aff7e27d0 1262       1       org.eclipse.osgi.storage.BundleInfo$Generation::getBundleInfo (5 bytes)
Event: 6.076 Thread 0x0000021aff7e27d0 nmethod 1262 0x0000021a87b48910 code [0x0000021a87b48aa0, 0x0000021a87b48b68]
Event: 6.091 Thread 0x0000021afddcc130 1263       4       java.lang.StringLatin1::toUpperCase (186 bytes)
Event: 6.091 Thread 0x0000021aff7e27d0 1264   !   3       java.util.zip.ZipFile$Source::readFullyAt (74 bytes)
Event: 6.092 Thread 0x0000021aff7e27d0 nmethod 1264 0x0000021a80208110 code [0x0000021a80208300, 0x0000021a80208748]
Event: 6.092 Thread 0x0000021aff7e27d0 1265       3       java.lang.ref.Reference::clear (5 bytes)
Event: 6.092 Thread 0x0000021aff7e27d0 nmethod 1265 0x0000021a80208a10 code [0x0000021a80208bc0, 0x0000021a80208cf8]
Event: 6.094 Thread 0x0000021aff7e27d0 1266   !   3       java.util.zip.Inflater::setInput (56 bytes)
Event: 8.105 Thread 0x0000021aff7e27d0 nmethod 1266 0x0000021a80208d90 code [0x0000021a80208f60, 0x0000021a802092e0]

GC Heap History (2 events):
Event: 5.150 GC heap before
{Heap before GC invocations=1 (full 0):
 PSYoungGen      total 29696K, used 25600K [0x00000000d5580000, 0x00000000d7680000, 0x0000000100000000)
  eden space 25600K, 100% used [0x00000000d5580000,0x00000000d6e80000,0x00000000d6e80000)
  from space 4096K, 0% used [0x00000000d7280000,0x00000000d7280000,0x00000000d7680000)
  to   space 4096K, 0% used [0x00000000d6e80000,0x00000000d6e80000,0x00000000d7280000)
 ParOldGen       total 68608K, used 0K [0x0000000080000000, 0x0000000084300000, 0x00000000d5580000)
  object space 68608K, 0% used [0x0000000080000000,0x0000000080000000,0x0000000084300000)
 Metaspace       used 4359K, committed 4608K, reserved 1114112K
  class space    used 473K, committed 576K, reserved 1048576K
}
Event: 5.159 GC heap after
{Heap after GC invocations=1 (full 0):
 PSYoungGen      total 29696K, used 3303K [0x00000000d5580000, 0x00000000d7680000, 0x0000000100000000)
  eden space 25600K, 0% used [0x00000000d5580000,0x00000000d5580000,0x00000000d6e80000)
  from space 4096K, 80% used [0x00000000d6e80000,0x00000000d71b9e98,0x00000000d7280000)
  to   space 4096K, 0% used [0x00000000d7280000,0x00000000d7280000,0x00000000d7680000)
 ParOldGen       total 68608K, used 8K [0x0000000080000000, 0x0000000084300000, 0x00000000d5580000)
  object space 68608K, 0% used [0x0000000080000000,0x0000000080002000,0x0000000084300000)
 Metaspace       used 4359K, committed 4608K, reserved 1114112K
  class space    used 473K, committed 576K, reserved 1048576K
}

Dll operation events (8 events):
Event: 0.112 Loaded shared library c:\Users\claud\.trae\extensions\redhat.java-1.49.0-win32-x64\jre\21.0.9-win32-x86_64\bin\java.dll
Event: 1.277 Loaded shared library c:\Users\claud\.trae\extensions\redhat.java-1.49.0-win32-x64\jre\21.0.9-win32-x86_64\bin\zip.dll
Event: 1.399 Loaded shared library C:\Users\claud\.trae\extensions\redhat.java-1.49.0-win32-x64\jre\21.0.9-win32-x86_64\bin\instrument.dll
Event: 1.428 Loaded shared library C:\Users\claud\.trae\extensions\redhat.java-1.49.0-win32-x64\jre\21.0.9-win32-x86_64\bin\net.dll
Event: 1.434 Loaded shared library C:\Users\claud\.trae\extensions\redhat.java-1.49.0-win32-x64\jre\21.0.9-win32-x86_64\bin\nio.dll
Event: 1.442 Loaded shared library C:\Users\claud\.trae\extensions\redhat.java-1.49.0-win32-x64\jre\21.0.9-win32-x86_64\bin\zip.dll
Event: 1.734 Loaded shared library C:\Users\claud\.trae\extensions\redhat.java-1.49.0-win32-x64\jre\21.0.9-win32-x86_64\bin\jimage.dll
Event: 2.165 Loaded shared library c:\Users\claud\.trae\extensions\redhat.java-1.49.0-win32-x64\jre\21.0.9-win32-x86_64\bin\verify.dll

Deoptimization events (20 events):
Event: 5.396 Thread 0x0000021af8420db0 Uncommon trap: trap_request=0xffffff45 fr.pc=0x0000021a87b37fbc relative=0x000000000000027c
Event: 5.396 Thread 0x0000021af8420db0 Uncommon trap: reason=unstable_if action=reinterpret pc=0x0000021a87b37fbc method=java.util.HashMap.hash(Ljava/lang/Object;)I @ 1 c2
Event: 5.396 Thread 0x0000021af8420db0 DEOPT PACKING pc=0x0000021a87b37fbc sp=0x000000f665dfe830
Event: 5.396 Thread 0x0000021af8420db0 DEOPT UNPACKING pc=0x0000021a87583aa2 sp=0x000000f665dfe6c8 mode 2
Event: 5.398 Thread 0x0000021af8420db0 Uncommon trap: trap_request=0xffffff45 fr.pc=0x0000021a87b3076c relative=0x000000000000030c
Event: 5.398 Thread 0x0000021af8420db0 Uncommon trap: reason=unstable_if action=reinterpret pc=0x0000021a87b3076c method=java.util.HashMap.hash(Ljava/lang/Object;)I @ 1 c2
Event: 5.398 Thread 0x0000021af8420db0 DEOPT PACKING pc=0x0000021a87b3076c sp=0x000000f665dfe7a0
Event: 5.398 Thread 0x0000021af8420db0 DEOPT UNPACKING pc=0x0000021a87583aa2 sp=0x000000f665dfe6a8 mode 2
Event: 5.398 Thread 0x0000021af8420db0 Uncommon trap: trap_request=0xffffff45 fr.pc=0x0000021a87b2f2d0 relative=0x00000000000000b0
Event: 5.398 Thread 0x0000021af8420db0 Uncommon trap: reason=unstable_if action=reinterpret pc=0x0000021a87b2f2d0 method=java.util.HashMap.hash(Ljava/lang/Object;)I @ 1 c2
Event: 5.398 Thread 0x0000021af8420db0 DEOPT PACKING pc=0x0000021a87b2f2d0 sp=0x000000f665dfe850
Event: 5.398 Thread 0x0000021af8420db0 DEOPT UNPACKING pc=0x0000021a87583aa2 sp=0x000000f665dfe7e8 mode 2
Event: 5.398 Thread 0x0000021af8420db0 Uncommon trap: trap_request=0xffffffde fr.pc=0x0000021a87b15090 relative=0x0000000000000570
Event: 5.398 Thread 0x0000021af8420db0 Uncommon trap: reason=class_check action=maybe_recompile pc=0x0000021a87b15090 method=java.util.Collections$UnmodifiableCollection$1.<init>(Ljava/util/Collections$UnmodifiableCollection;)V @ 17 c2
Event: 5.398 Thread 0x0000021af8420db0 DEOPT PACKING pc=0x0000021a87b15090 sp=0x000000f665dfe880
Event: 5.398 Thread 0x0000021af8420db0 DEOPT UNPACKING pc=0x0000021a87583aa2 sp=0x000000f665dfe7c8 mode 2
Event: 6.039 Thread 0x0000021af8420db0 Uncommon trap: trap_request=0xffffff45 fr.pc=0x0000021a87b1be78 relative=0x0000000000000198
Event: 6.039 Thread 0x0000021af8420db0 Uncommon trap: reason=unstable_if action=reinterpret pc=0x0000021a87b1be78 method=java.lang.invoke.VarHandle.checkAccessModeThenIsDirect(Ljava/lang/invoke/VarHandle$AccessDescriptor;)Z @ 4 c2
Event: 6.039 Thread 0x0000021af8420db0 DEOPT PACKING pc=0x0000021a87b1be78 sp=0x000000f665dfe830
Event: 6.039 Thread 0x0000021af8420db0 DEOPT UNPACKING pc=0x0000021a87583aa2 sp=0x000000f665dfe788 mode 2

Classes loaded (20 events):
Event: 5.812 Loading class sun/nio/ch/NativeThreadSet
Event: 5.812 Loading class sun/nio/ch/NativeThreadSet done
Event: 5.812 Loading class sun/nio/ch/FileLockImpl
Event: 5.813 Loading class java/nio/channels/FileLock
Event: 5.813 Loading class java/nio/channels/FileLock done
Event: 5.813 Loading class sun/nio/ch/FileLockImpl done
Event: 5.813 Loading class sun/nio/ch/NativeThread
Event: 5.813 Loading class sun/nio/ch/NativeThread done
Event: 5.813 Loading class sun/nio/ch/FileLockTable
Event: 5.813 Loading class sun/nio/ch/FileLockTable done
Event: 5.813 Loading class sun/nio/ch/FileKey
Event: 5.813 Loading class sun/nio/ch/FileKey done
Event: 5.814 Loading class sun/nio/ch/FileLockTable$FileLockReference
Event: 5.814 Loading class sun/nio/ch/FileLockTable$FileLockReference done
Event: 5.825 Loading class java/io/DeleteOnExitHook
Event: 5.827 Loading class java/io/DeleteOnExitHook done
Event: 5.827 Loading class java/io/DeleteOnExitHook$1
Event: 5.827 Loading class java/io/DeleteOnExitHook$1 done
Event: 5.834 Loading class java/util/ComparableTimSort
Event: 5.834 Loading class java/util/ComparableTimSort done

Classes unloaded (0 events):
No events

Classes redefined (0 events):
No events

Internal exceptions (20 events):
Event: 3.332 Thread 0x0000021af8420db0 Exception <a 'java/io/FileNotFoundException'{0x00000000d64bf358}> (0x00000000d64bf358) 
thrown [s\src\hotspot\share\prims\jni.cpp, line 520]
Event: 3.333 Thread 0x0000021af8420db0 Exception <a 'java/io/FileNotFoundException'{0x00000000d64bfec8}> (0x00000000d64bfec8) 
thrown [s\src\hotspot\share\prims\jni.cpp, line 520]
Event: 3.343 Thread 0x0000021af8420db0 Implicit null exception at 0x0000021a87b01ba4 to 0x0000021a87b02138
Event: 3.343 Thread 0x0000021af8420db0 Implicit null exception at 0x0000021a87b02ba0 to 0x0000021a87b03124
Event: 3.349 Thread 0x0000021af8420db0 Exception <a 'java/io/FileNotFoundException'{0x00000000d64f8368}> (0x00000000d64f8368) 
thrown [s\src\hotspot\share\prims\jni.cpp, line 520]
Event: 3.376 Thread 0x0000021af8420db0 Exception <a 'java/lang/NoSuchMethodError'{0x00000000d6530610}: 'java.lang.Object java.lang.invoke.DirectMethodHandle$Holder.invokeInterface(java.lang.Object, java.lang.Object)'> (0x00000000d6530610) 
thrown [s\src\hotspot\share\interpreter\linkResolver.cpp, line 773]
Event: 3.424 Thread 0x0000021af8420db0 Exception <a 'java/lang/NoSuchMethodError'{0x00000000d6543b98}: 'java.lang.Object java.lang.invoke.Invokers$Holder.invokeExact_MT(java.lang.Object, java.lang.Object, java.lang.Object, java.lang.Object, java.lang.Object, java.lang.Object)'> (0x00000000d6543b98) 
thrown [s\src\hotspot\share\interpreter\linkResolver.cpp, line 773]
Event: 3.428 Thread 0x0000021af8420db0 Exception <a 'java/lang/NoSuchMethodError'{0x00000000d655ac70}: 'int java.lang.invoke.DirectMethodHandle$Holder.invokeStatic(java.lang.Object, java.lang.Object, java.lang.Object, java.lang.Object, java.lang.Object)'> (0x00000000d655ac70) 
thrown [s\src\hotspot\share\interpreter\linkResolver.cpp, line 773]
Event: 3.781 Thread 0x0000021af8420db0 Exception <a 'java/lang/NoSuchMethodError'{0x00000000d65ef7e8}: 'java.lang.Object java.lang.invoke.DirectMethodHandle$Holder.invokeInterface(java.lang.Object, java.lang.Object, int)'> (0x00000000d65ef7e8) 
thrown [s\src\hotspot\share\interpreter\linkResolver.cpp, line 773]
Event: 4.838 Thread 0x0000021af8420db0 Exception <a 'java/lang/NoSuchMethodError'{0x00000000d6a55390}: 'java.lang.ClassLoader java.lang.ClassLoader.getPlatformClassLoader(java.lang.Class)'> (0x00000000d6a55390) 
thrown [s\src\hotspot\share\interpreter\linkResolver.cpp, line 773]
Event: 5.038 Thread 0x0000021af8420db0 Exception <a 'java/lang/ClassNotFoundException'{0x00000000d6e6fed0}: sun/net/www/protocol/c/Handler> (0x00000000d6e6fed0) 
thrown [s\src\hotspot\share\classfile\systemDictionary.cpp, line 312]
Event: 5.075 Thread 0x0000021af8420db0 Exception <a 'java/lang/ClassNotFoundException'{0x00000000d6e712a8}: sun/net/www/protocol/c/Handler> (0x00000000d6e712a8) 
thrown [s\src\hotspot\share\classfile\systemDictionary.cpp, line 312]
Event: 5.076 Thread 0x0000021af8420db0 Exception <a 'java/lang/ClassNotFoundException'{0x00000000d6e72500}: sun/net/www/protocol/c/Handler> (0x00000000d6e72500) 
thrown [s\src\hotspot\share\classfile\systemDictionary.cpp, line 312]
Event: 5.166 Thread 0x0000021af8420db0 Exception <a 'java/io/FileNotFoundException'{0x00000000d559bd38}> (0x00000000d559bd38) 
thrown [s\src\hotspot\share\prims\jni.cpp, line 520]
Event: 5.395 Thread 0x0000021af8420db0 Implicit null exception at 0x0000021a87b2c7a9 to 0x0000021a87b2d01c
Event: 5.396 Thread 0x0000021af8420db0 Implicit null exception at 0x0000021a87b37d9a to 0x0000021a87b37fa4
Event: 5.397 Thread 0x0000021af8420db0 Exception <a 'java/lang/NoSuchMethodError'{0x00000000d56cbea8}: 'void java.lang.invoke.DirectMethodHandle$Holder.invokeStatic(java.lang.Object, java.lang.Object, java.lang.Object, java.lang.Object)'> (0x00000000d56cbea8) 
thrown [s\src\hotspot\share\interpreter\linkResolver.cpp, line 773]
Event: 5.398 Thread 0x0000021af8420db0 Implicit null exception at 0x0000021a87b304bc to 0x0000021a87b30754
Event: 5.398 Thread 0x0000021af8420db0 Implicit null exception at 0x0000021a87b2f23d to 0x0000021a87b2f2c1
Event: 6.073 Thread 0x0000021af8420db0 Exception <a 'java/lang/NoSuchMethodError'{0x00000000d59a5de0}: 'void java.lang.invoke.DirectMethodHandle$Holder.invokeSpecial(java.lang.Object, java.lang.Object, java.lang.Object)'> (0x00000000d59a5de0) 
thrown [s\src\hotspot\share\interpreter\linkResolver.cpp, line 773]

ZGC Phase Switch (0 events):
No events

VM Operations (20 events):
Event: 1.235 Executing VM operation: Cleanup
Event: 1.267 Executing VM operation: Cleanup done
Event: 1.275 Executing VM operation: HandshakeAllThreads (Deoptimize)
Event: 1.275 Executing VM operation: HandshakeAllThreads (Deoptimize) done
Event: 1.843 Executing VM operation: HandshakeAllThreads (Deoptimize)
Event: 1.843 Executing VM operation: HandshakeAllThreads (Deoptimize) done
Event: 2.845 Executing VM operation: Cleanup
Event: 2.891 Executing VM operation: Cleanup done
Event: 3.175 Executing VM operation: HandshakeAllThreads (Deoptimize)
Event: 3.175 Executing VM operation: HandshakeAllThreads (Deoptimize) done
Event: 3.231 Executing VM operation: HandshakeAllThreads (Deoptimize)
Event: 3.231 Executing VM operation: HandshakeAllThreads (Deoptimize) done
Event: 4.246 Executing VM operation: Cleanup
Event: 4.246 Executing VM operation: Cleanup done
Event: 4.920 Executing VM operation: HandshakeAllThreads (Deoptimize)
Event: 4.920 Executing VM operation: HandshakeAllThreads (Deoptimize) done
Event: 5.150 Executing VM operation: ParallelGCFailedAllocation (Allocation Failure)
Event: 5.159 Executing VM operation: ParallelGCFailedAllocation (Allocation Failure) done
Event: 6.171 Executing VM operation: Cleanup
Event: 8.121 Executing VM operation: Cleanup done

Memory protections (0 events):
No events

Nmethod flushes (0 events):
No events

Events (13 events):
Event: 0.213 Thread 0x0000021af8420db0 Thread added: 0x0000021af8420db0
Event: 0.258 Thread 0x0000021af8420db0 Thread added: 0x0000021afddbf6b0
Event: 0.259 Thread 0x0000021af8420db0 Thread added: 0x0000021afddc2b30
Event: 0.263 Thread 0x0000021af8420db0 Thread added: 0x0000021afddc5ea0
Event: 0.263 Thread 0x0000021af8420db0 Thread added: 0x0000021afddc68f0
Event: 0.264 Thread 0x0000021af8420db0 Thread added: 0x0000021afddc7340
Event: 0.264 Thread 0x0000021af8420db0 Thread added: 0x0000021afddc92f0
Event: 0.264 Thread 0x0000021af8420db0 Thread added: 0x0000021afddcc130
Event: 0.268 Thread 0x0000021af8420db0 Thread added: 0x0000021aff7e27d0
Event: 1.418 Thread 0x0000021af8420db0 Thread added: 0x0000021aff93e040
Event: 2.389 Thread 0x0000021af8420db0 Thread added: 0x0000021affa9c620
Event: 3.263 Thread 0x0000021aff7e27d0 Thread added: 0x0000021ad81107a0
Event: 3.694 Thread 0x0000021ad81107a0 Thread exited: 0x0000021ad81107a0


Dynamic libraries:
0x00007ff7d8d10000 - 0x00007ff7d8d1e000 	c:\Users\claud\.trae\extensions\redhat.java-1.49.0-win32-x64\jre\21.0.9-win32-x86_64\bin\java.exe
0x00007ffbe9900000 - 0x00007ffbe9b68000 	C:\WINDOWS\SYSTEM32\ntdll.dll
0x00007ffbe8400000 - 0x00007ffbe84c9000 	C:\WINDOWS\System32\KERNEL32.DLL
0x00007ffbe6fe0000 - 0x00007ffbe73d8000 	C:\WINDOWS\System32\KERNELBASE.dll
0x00007ffbe7490000 - 0x00007ffbe75db000 	C:\WINDOWS\System32\ucrtbase.dll
0x00007ffbd5980000 - 0x00007ffbd5998000 	c:\Users\claud\.trae\extensions\redhat.java-1.49.0-win32-x64\jre\21.0.9-win32-x86_64\bin\jli.dll
0x00007ffbe87b0000 - 0x00007ffbe8977000 	C:\WINDOWS\System32\USER32.dll
0x00007ffbe6d80000 - 0x00007ffbe6da7000 	C:\WINDOWS\System32\win32u.dll
0x00007ffbe90f0000 - 0x00007ffbe911b000 	C:\WINDOWS\System32\GDI32.dll
0x00007ffbe6a50000 - 0x00007ffbe6b7c000 	C:\WINDOWS\System32\gdi32full.dll
0x00007ffbe6f30000 - 0x00007ffbe6fd3000 	C:\WINDOWS\System32\msvcp_win.dll
0x00007ffbd6290000 - 0x00007ffbd6524000 	C:\WINDOWS\WinSxS\amd64_microsoft.windows.common-controls_6595b64144ccf1df_6.0.26100.7019_none_3e06ffa0e335b8a8\COMCTL32.dll
0x00007ffbe8f80000 - 0x00007ffbe9029000 	C:\WINDOWS\System32\msvcrt.dll
0x00007ffbd5940000 - 0x00007ffbd595e000 	c:\Users\claud\.trae\extensions\redhat.java-1.49.0-win32-x64\jre\21.0.9-win32-x86_64\bin\VCRUNTIME140.dll
0x00007ffbe7940000 - 0x00007ffbe7971000 	C:\WINDOWS\System32\IMM32.DLL
0x00007ffbe18e0000 - 0x00007ffbe18ec000 	c:\Users\claud\.trae\extensions\redhat.java-1.49.0-win32-x64\jre\21.0.9-win32-x86_64\bin\vcruntime140_1.dll
0x00007ffbb7a80000 - 0x00007ffbb7b0d000 	c:\Users\claud\.trae\extensions\redhat.java-1.49.0-win32-x64\jre\21.0.9-win32-x86_64\bin\msvcp140.dll
0x00007ffb196b0000 - 0x00007ffb1a450000 	c:\Users\claud\.trae\extensions\redhat.java-1.49.0-win32-x64\jre\21.0.9-win32-x86_64\bin\server\jvm.dll
0x00007ffbe8980000 - 0x00007ffbe8a34000 	C:\WINDOWS\System32\ADVAPI32.dll
0x00007ffbe8a40000 - 0x00007ffbe8ae6000 	C:\WINDOWS\System32\sechost.dll
0x00007ffbe80e0000 - 0x00007ffbe81f8000 	C:\WINDOWS\System32\RPCRT4.dll
0x00007ffbe8640000 - 0x00007ffbe86b4000 	C:\WINDOWS\System32\WS2_32.dll
0x00007ffbe68b0000 - 0x00007ffbe690e000 	C:\WINDOWS\SYSTEM32\POWRPROF.dll
0x00007ffbdf430000 - 0x00007ffbdf465000 	C:\WINDOWS\SYSTEM32\WINMM.dll
0x00007ffbdf950000 - 0x00007ffbdf95b000 	C:\WINDOWS\SYSTEM32\VERSION.dll
0x00007ffbe6890000 - 0x00007ffbe68a4000 	C:\WINDOWS\SYSTEM32\UMPDC.dll
0x00007ffbe5810000 - 0x00007ffbe582b000 	C:\WINDOWS\SYSTEM32\kernel.appcore.dll
0x00007ffbdc0d0000 - 0x00007ffbdc0da000 	c:\Users\claud\.trae\extensions\redhat.java-1.49.0-win32-x64\jre\21.0.9-win32-x86_64\bin\jimage.dll
0x00007ffbd9a50000 - 0x00007ffbd9c92000 	C:\WINDOWS\SYSTEM32\DBGHELP.DLL
0x00007ffbe94d0000 - 0x00007ffbe985b000 	C:\WINDOWS\System32\combase.dll
0x00007ffbe86c0000 - 0x00007ffbe8797000 	C:\WINDOWS\System32\OLEAUT32.dll
0x00007ffbc4220000 - 0x00007ffbc425c000 	C:\WINDOWS\SYSTEM32\dbgcore.DLL
0x00007ffbe73e0000 - 0x00007ffbe7485000 	C:\WINDOWS\System32\bcryptPrimitives.dll
0x00007ffbdc010000 - 0x00007ffbdc01f000 	c:\Users\claud\.trae\extensions\redhat.java-1.49.0-win32-x64\jre\21.0.9-win32-x86_64\bin\instrument.dll
0x00007ffbd55c0000 - 0x00007ffbd55e0000 	c:\Users\claud\.trae\extensions\redhat.java-1.49.0-win32-x64\jre\21.0.9-win32-x86_64\bin\java.dll
0x00007ffbe7980000 - 0x00007ffbe80cf000 	C:\WINDOWS\System32\SHELL32.dll
0x00007ffbe6b80000 - 0x00007ffbe6ceb000 	C:\WINDOWS\System32\wintypes.dll
0x00007ffbe4670000 - 0x00007ffbe4ecd000 	C:\WINDOWS\SYSTEM32\windows.storage.dll
0x00007ffbe7840000 - 0x00007ffbe7932000 	C:\WINDOWS\System32\SHCORE.dll
0x00007ffbe85d0000 - 0x00007ffbe8637000 	C:\WINDOWS\System32\shlwapi.dll
0x00007ffbe6970000 - 0x00007ffbe6999000 	C:\WINDOWS\SYSTEM32\profapi.dll
0x00007ffbd5800000 - 0x00007ffbd5818000 	c:\Users\claud\.trae\extensions\redhat.java-1.49.0-win32-x64\jre\21.0.9-win32-x86_64\bin\zip.dll
0x00007ffbd9840000 - 0x00007ffbd9850000 	C:\Users\claud\.trae\extensions\redhat.java-1.49.0-win32-x64\jre\21.0.9-win32-x86_64\bin\net.dll
0x00007ffbdf470000 - 0x00007ffbdf598000 	C:\WINDOWS\SYSTEM32\WINHTTP.dll
0x00007ffbe5d80000 - 0x00007ffbe5deb000 	C:\WINDOWS\system32\mswsock.dll
0x00007ffbcf4b0000 - 0x00007ffbcf4c6000 	C:\Users\claud\.trae\extensions\redhat.java-1.49.0-win32-x64\jre\21.0.9-win32-x86_64\bin\nio.dll
0x00007ffbd97c0000 - 0x00007ffbd97d0000 	c:\Users\claud\.trae\extensions\redhat.java-1.49.0-win32-x64\jre\21.0.9-win32-x86_64\bin\verify.dll

JVMTI agents:
c:\Users\claud\.trae\extensions\redhat.java-1.49.0-win32-x64\lombok\lombok-1.18.39-4050.jar path:c:\Users\claud\.trae\extensions\redhat.java-1.49.0-win32-x64\jre\21.0.9-win32-x86_64\bin\instrument.dll, loaded, initialized, instrumentlib options:none

dbghelp: loaded successfully - version: 4.0.5 - missing functions: none
symbol engine: initialized successfully - sym options: 0x614 - pdb path: .;c:\Users\claud\.trae\extensions\redhat.java-1.49.0-win32-x64\jre\21.0.9-win32-x86_64\bin;C:\WINDOWS\SYSTEM32;C:\WINDOWS\WinSxS\amd64_microsoft.windows.common-controls_6595b64144ccf1df_6.0.26100.7019_none_3e06ffa0e335b8a8;c:\Users\claud\.trae\extensions\redhat.java-1.49.0-win32-x64\jre\21.0.9-win32-x86_64\bin\server

VM Arguments:
jvm_args: --add-modules=ALL-SYSTEM --add-opens=java.base/java.util=ALL-UNNAMED --add-opens=java.base/java.lang=ALL-UNNAMED --add-opens=java.base/sun.nio.fs=ALL-UNNAMED -Declipse.application=org.eclipse.jdt.ls.core.id1 -Dosgi.bundles.defaultStartLevel=4 -Declipse.product=org.eclipse.jdt.ls.core.product -Djava.import.generatesMetadataFilesAtProjectRoot=false -DDetectVMInstallationsJob.disabled=true -Dfile.encoding=utf8 -XX:+UseParallelGC -XX:GCTimeRatio=4 -XX:AdaptiveSizePolicyWeight=90 -Dsun.zip.disableMemoryMapping=true -Xmx2G -Xms100m -Xlog:disable -javaagent:c:\Users\claud\.trae\extensions\redhat.java-1.49.0-win32-x64\lombok\lombok-1.18.39-4050.jar -XX:+HeapDumpOnOutOfMemoryError -XX:HeapDumpPath=c:\Users\claud\AppData\Roaming\Trae\User\workspaceStorage\c4a64f282fad8922d1719e4f960283e6\redhat.java -Daether.dependencyCollector.impl=bf 
java_command: c:\Users\claud\.trae\extensions\redhat.java-1.49.0-win32-x64\server\plugins\org.eclipse.equinox.launcher_1.7.100.v20251111-0406.jar -configuration c:\Users\claud\AppData\Roaming\Trae\User\globalStorage\redhat.java\1.49.0\config_win -data c:\Users\claud\AppData\Roaming\Trae\User\workspaceStorage\c4a64f282fad8922d1719e4f960283e6\redhat.java\jdt_ws --pipe=\\.\pipe\lsp-c03bcb0fa682689f305cd69fbff5f921-sock
java_class_path (initial): c:\Users\claud\.trae\extensions\redhat.java-1.49.0-win32-x64\server\plugins\org.eclipse.equinox.launcher_1.7.100.v20251111-0406.jar
Launcher Type: SUN_STANDARD

[Global flags]
    uintx AdaptiveSizePolicyWeight                 = 90                                        {product} {command line}
     intx CICompilerCount                          = 4                                         {product} {ergonomic}
    uintx GCTimeRatio                              = 4                                         {product} {command line}
     bool HeapDumpOnOutOfMemoryError               = true                                   {manageable} {command line}
    ccstr HeapDumpPath                             = c:\Users\claud\AppData\Roaming\Trae\User\workspaceStorage\c4a64f282fad8922d1719e4f960283e6\redhat.java         {manageable} {command line}
   size_t InitialHeapSize                          = 104857600                                 {product} {command line}
   size_t MaxHeapSize                              = 2147483648                                {product} {command line}
   size_t MaxNewSize                               = 715653120                                 {product} {ergonomic}
   size_t MinHeapDeltaBytes                        = 524288                                    {product} {ergonomic}
   size_t MinHeapSize                              = 104857600                                 {product} {command line}
   size_t NewSize                                  = 34603008                                  {product} {ergonomic}
    uintx NonNMethodCodeHeapSize                   = 5839372                                {pd product} {ergonomic}
    uintx NonProfiledCodeHeapSize                  = 122909434                              {pd product} {ergonomic}
   size_t OldSize                                  = 70254592                                  {product} {ergonomic}
    uintx ProfiledCodeHeapSize                     = 122909434                              {pd product} {ergonomic}
    uintx ReservedCodeCacheSize                    = 251658240                              {pd product} {ergonomic}
     bool SegmentedCodeCache                       = true                                      {product} {ergonomic}
   size_t SoftMaxHeapSize                          = 2147483648                             {manageable} {ergonomic}
     bool UseCompressedOops                        = true                           {product lp64_product} {ergonomic}
     bool UseLargePagesIndividualAllocation        = false                                  {pd product} {ergonomic}
     bool UseParallelGC                            = true                                      {product} {command line}

Logging:
Log output configuration:
 #0: stdout all=off uptime,level,tags foldmultilines=false
 #1: stderr all=off uptime,level,tags foldmultilines=false

Release file:
JAVA_VERSION="21.0.9" 
MODULES="java.base java.compiler java.datatransfer java.xml java.prefs java.desktop java.instrument java.logging java.management java.security.sasl java.naming java.rmi java.management.rmi java.net.http java.scripting java.security.jgss java.transaction.xa java.sql java.sql.rowset java.xml.crypto java.se java.smartcardio jdk.accessibility jdk.internal.jvmstat jdk.attach jdk.charsets jdk.internal.opt jdk.zipfs jdk.compiler jdk.crypto.ec jdk.crypto.cryptoki jdk.crypto.mscapi jdk.dynalink jdk.internal.ed jdk.editpad jdk.hotspot.agent jdk.httpserver jdk.internal.le jdk.internal.vm.ci jdk.internal.vm.compiler jdk.internal.vm.compiler.management jdk.jartool jdk.javadoc jdk.jcmd jdk.management jdk.management.agent jdk.jconsole jdk.jdeps jdk.jdwp.agent jdk.jdi jdk.jfr jdk.jshell jdk.jsobject jdk.jstatd jdk.localedata jdk.management.jfr jdk.naming.dns jdk.naming.rmi jdk.net jdk.nio.mapmode jdk.random jdk.sctp jdk.security.auth jdk.security.jgss jdk.unsupported jdk.unsupported.desktop jdk.xml.dom" 

Environment Variables:
JAVA_HOME=C:\Program Files\Java\jdk-21
PATH=C:\Users\claud\.trae\tools\gradle\latest\bin;C:\Program Files\Java\jdk-21\bin;C:\Users\claud\.trae\tools\maven\latest\bin;C:\Program Files\Common Files\Oracle\Java\javapath;C:\WINDOWS\system32;C:\WINDOWS;C:\WINDOWS\System32\Wbem;C:\WINDOWS\System32\WindowsPowerShell\v1.0\;C:\WINDOWS\System32\OpenSSH\;C:\Program Files\nodejs\;C:\ProgramData\chocolatey\bin;%JAVA_HOME%\bin;C:\Program Files\Cloudflare\Cloudflare WARP\;C:\Users\claud\apache-maven-3.9.11-bin\apache-maven-3.9.11\bin;C:\Program Files\PowerToys\;C:\Program Files\Git\cmd;C:\Program Files (x86)\cloudflared\;"C:\Users\claud\AppData\Local\Microsoft\WindowsApps;C:\Program Files\Java\jdk-21\bin";C:\Users\claud\AppData\Local\Programs\Microsoft VS Code\bin;C:\Users\claud\AppData\Local\GitHubDesktop\bin;C:\Users\claud\AppData\Local\Microsoft\WindowsApps;C:\Users\claud\AppData\Roaming\npm;C:\Users\claud\AppData\Local\Microsoft\WinGet\Packages\Ngrok.Ngrok_Microsoft.Winget.Source_8wekyb3d8bbwe;;c:\Users\claud\AppData\Local\Programs\Trae\resources\app\bin\lib
USERNAME=claud
OS=Windows_NT
PROCESSOR_IDENTIFIER=AMD64 Family 23 Model 160 Stepping 0, AuthenticAMD
TMP=C:\Users\claud\AppData\Local\Temp
TEMP=C:\Users\claud\AppData\Local\Temp




Periodic native trim disabled

---------------  S Y S T E M  ---------------

OS:
 Windows 11 , 64 bit Build 26100 (10.0.26100.7019)
OS uptime: 7 days 2:40 hours
Hyper-V role detected

CPU: total 8 (initial active 8) (8 cores per cpu, 2 threads per core) family 23 model 160 stepping 0 microcode 0x8a00006, cx8, cmov, fxsr, ht, mmx, 3dnowpref, sse, sse2, sse3, ssse3, sse4a, sse4.1, sse4.2, popcnt, lzcnt, tsc, tscinvbit, avx, avx2, aes, clmul, bmi1, bmi2, adx, sha, fma, vzeroupper, clflush, clflushopt, hv, rdtscp, rdpid, f16c
Processor Information for the first 8 processors :
  Max Mhz: 2801, Current Mhz: 2801, Mhz Limit: 2801

Memory: 4k page, system-wide physical 7413M (589M free)
TotalPageFile size 29941M (AvailPageFile size 551M)
current process WorkingSet (physical memory assigned to process): 78M, peak: 81M
current process commit charge ("private bytes"): 231M, peak: 234M

vm_info: OpenJDK 64-Bit Server VM (21.0.9+10-LTS) for windows-amd64 JRE (21.0.9+10-LTS), built on 2025-10-21T00:00:00Z by "admin" with unknown MS VC++:1942

END.
