[INFO] Scanning for projects...
[INFO] 
[INFO] ----------------------< org.example:crm-backend >-----------------------
[INFO] Building crm-backend 1.0-SNAPSHOT
[INFO]   from pom.xml
[INFO] --------------------------------[ jar ]---------------------------------
[INFO] 
[INFO] >>> spring-boot:3.2.4:run (default-cli) > test-compile @ crm-backend >>>
[INFO] 
[INFO] --- resources:3.3.1:resources (default-resources) @ crm-backend ---
[INFO] Copying 1 resource from src\main\resources to target\classes
[INFO] ------------------------------------------------------------------------
[INFO] BUILD FAILURE
[INFO] ------------------------------------------------------------------------
[INFO] Total time:  3.674 s
[INFO] Finished at: 2025-10-26T22:04:55-03:00
[INFO] ------------------------------------------------------------------------
[ERROR] Failed to execute goal org.apache.maven.plugins:maven-resources-plugin:3.3.1:resources (default-resources) on project crm-backend: filtering C:\Users\claud\OneDrive\Documentos\ProjetoListaFut\Back_endCrm\src\main\resources\application.properties to C:\Users\claud\OneDrive\Documentos\ProjetoListaFut\Back_endCrm\target\classes\application.properties failed with MalformedInputException: Input length = 1 -> [Help 1]
[ERROR] 
[ERROR] To see the full stack trace of the errors, re-run Maven with the -e switch.
[ERROR] Re-run Maven using the -X switch to enable full debug logging.
[ERROR] 
[ERROR] For more information about the errors and possible solutions, please read the following articles:
[ERROR] [Help 1] http://cwiki.apache.org/confluence/display/MAVEN/MojoExecutionException
